"../../../Engine/Content/EngineMaterials/T_Default_Material_Grid_N.uasset" 0
"../../../Engine/Content/EngineMaterials/T_Default_Material_Grid_N.uexp" 1
"../../../Engine/Content/EngineMaterials/T_Default_Material_Grid_N.ubulk" 2
"../../../Engine/Content/EngineMaterials/T_Default_Material_Grid_M.uasset" 3
"../../../Engine/Content/EngineMaterials/T_Default_Material_Grid_M.uexp" 4
"../../../Engine/Content/EngineMaterials/T_Default_Material_Grid_M.ubulk" 5
"../../../Engine/Content/Functions/Engine_MaterialFunctions01/Opacity/CameraDepthFade.uasset" 6
"../../../Engine/Content/Functions/Engine_MaterialFunctions01/Opacity/CameraDepthFade.uexp" 7
"../../../Engine/Content/EngineMaterials/WorldGridMaterial.uasset" 8
"../../../Engine/Content/EngineMaterials/WorldGridMaterial.uexp" 9
"../../../Engine/Content/ArtTools/RenderToTexture/Meshes/S_1_Unit_Plane.uasset" 10
"../../../Engine/Content/ArtTools/RenderToTexture/Meshes/S_1_Unit_Plane.uexp" 11
"../../../Engine/Content/BasicShapes/Cube.uasset" 12
"../../../Engine/Content/BasicShapes/Cube.uexp" 13
"../../../Engine/Content/EngineMaterials/DefaultPhysicalMaterial.uasset" 14
"../../../Engine/Content/EngineMaterials/DefaultPhysicalMaterial.uexp" 15
"../../../Engine/Content/BufferVisualization/AmbientOcclusion.uasset" 16
"../../../Engine/Content/BufferVisualization/AmbientOcclusion.uexp" 17
"../../../Engine/Content/Functions/Engine_MaterialFunctions02/Utility/AppendMany.uasset" 18
"../../../Engine/Content/Functions/Engine_MaterialFunctions02/Utility/AppendMany.uexp" 19
"../../../Engine/Content/BufferVisualization/Anisotropy.uasset" 20
"../../../Engine/Content/BufferVisualization/Anisotropy.uexp" 21
"../../../Engine/Content/BufferVisualization/BaseColor.uasset" 22
"../../../Engine/Content/BufferVisualization/BaseColor.uexp" 23
"../../../Engine/Content/BufferVisualization/CustomDepth.uasset" 24
"../../../Engine/Content/BufferVisualization/CustomDepth.uexp" 25
"../../../Engine/Content/Functions/Engine_MaterialFunctions02/Utility/VectorLength.uasset" 26
"../../../Engine/Content/Functions/Engine_MaterialFunctions02/Utility/VectorLength.uexp" 27
"../../../Engine/Content/BufferVisualization/CustomDepthWorldUnits.uasset" 28
"../../../Engine/Content/BufferVisualization/CustomDepthWorldUnits.uexp" 29
"../../../Engine/Content/EngineMaterials/MiniFont.uasset" 30
"../../../Engine/Content/EngineMaterials/MiniFont.uexp" 31
"../../../Engine/Content/Functions/Engine_MaterialFunctions02/Utility/MakeFloat3.uasset" 32
"../../../Engine/Content/Functions/Engine_MaterialFunctions02/Utility/MakeFloat3.uexp" 33
"../../../Engine/Content/Functions/Engine_MaterialFunctions02/Utility/MakeFloat2.uasset" 34
"../../../Engine/Content/Functions/Engine_MaterialFunctions02/Utility/MakeFloat2.uexp" 35
"../../../Engine/Content/Functions/Engine_MaterialFunctions02/ScreenResolution.uasset" 36
"../../../Engine/Content/Functions/Engine_MaterialFunctions02/ScreenResolution.uexp" 37
"../../../Engine/Content/Functions/Engine_MaterialFunctions02/Utility/BreakOutFloat2Components.uasset" 38
"../../../Engine/Content/Functions/Engine_MaterialFunctions02/Utility/BreakOutFloat2Components.uexp" 39
"../../../Engine/Content/Functions/Engine_MaterialFunctions01/Texturing/ScaleUVsByCenter.uasset" 40
"../../../Engine/Content/Functions/Engine_MaterialFunctions01/Texturing/ScaleUVsByCenter.uexp" 41
"../../../Engine/Content/Functions/Engine_MaterialFunctions02/Texturing/ScreenAlignedUVs.uasset" 42
"../../../Engine/Content/Functions/Engine_MaterialFunctions02/Texturing/ScreenAlignedUVs.uexp" 43
"../../../Engine/Content/BufferVisualization/CustomStencil.uasset" 44
"../../../Engine/Content/BufferVisualization/CustomStencil.uexp" 45
"../../../Engine/Content/BufferVisualization/FinalImage.uasset" 46
"../../../Engine/Content/BufferVisualization/FinalImage.uexp" 47
"../../../Engine/Content/BufferVisualization/LightingModel.uasset" 48
"../../../Engine/Content/BufferVisualization/LightingModel.uexp" 49
"../../../Engine/Content/BufferVisualization/MaterialAO.uasset" 50
"../../../Engine/Content/BufferVisualization/MaterialAO.uexp" 51
"../../../Engine/Content/BufferVisualization/Metallic.uasset" 52
"../../../Engine/Content/BufferVisualization/Metallic.uexp" 53
"../../../Engine/Content/BufferVisualization/Opacity.uasset" 54
"../../../Engine/Content/BufferVisualization/Opacity.uexp" 55
"../../../Engine/Content/BufferVisualization/PostTonemapHDRColor.uasset" 56
"../../../Engine/Content/BufferVisualization/PostTonemapHDRColor.uexp" 57
"../../../Engine/Content/BufferVisualization/PreTonemapHDRColor.uasset" 58
"../../../Engine/Content/BufferVisualization/PreTonemapHDRColor.uexp" 59
"../../../Engine/Content/BufferVisualization/Roughness.uasset" 60
"../../../Engine/Content/BufferVisualization/Roughness.uexp" 61
"../../../Engine/Content/BufferVisualization/SceneColor.uasset" 62
"../../../Engine/Content/BufferVisualization/SceneColor.uexp" 63
"../../../Engine/Content/BufferVisualization/SceneDepth.uasset" 64
"../../../Engine/Content/BufferVisualization/SceneDepth.uexp" 65
"../../../Engine/Content/BufferVisualization/SceneDepthWorldUnits.uasset" 66
"../../../Engine/Content/BufferVisualization/SceneDepthWorldUnits.uexp" 67
"../../../Engine/Content/BufferVisualization/SeparateTranslucencyA.uasset" 68
"../../../Engine/Content/BufferVisualization/SeparateTranslucencyA.uexp" 69
"../../../Engine/Content/BufferVisualization/SeparateTranslucencyRGB.uasset" 70
"../../../Engine/Content/BufferVisualization/SeparateTranslucencyRGB.uexp" 71
"../../../Engine/Content/BufferVisualization/Specular.uasset" 72
"../../../Engine/Content/BufferVisualization/Specular.uexp" 73
"../../../Engine/Content/BufferVisualization/SubsurfaceColor.uasset" 74
"../../../Engine/Content/BufferVisualization/SubsurfaceColor.uexp" 75
"../../../Engine/Content/BufferVisualization/Velocity.uasset" 76
"../../../Engine/Content/BufferVisualization/Velocity.uexp" 77
"../../../Engine/Content/BufferVisualization/WorldNormal.uasset" 78
"../../../Engine/Content/BufferVisualization/WorldNormal.uexp" 79
"../../../Engine/Content/BufferVisualization/WorldTangent.uasset" 80
"../../../Engine/Content/BufferVisualization/WorldTangent.uexp" 81
"../../../Engine/Content/EditorLandscapeResources/DataLayer.uasset" 82
"../../../Engine/Content/EditorLandscapeResources/DataLayer.uexp" 83
"../../../Engine/Content/EditorLandscapeResources/DefaultAlphaTexture.uasset" 84
"../../../Engine/Content/EditorLandscapeResources/DefaultAlphaTexture.uexp" 85
"../../../Engine/Content/EditorLandscapeResources/LandscapeGizmoHeight_Mat.uasset" 86
"../../../Engine/Content/EditorLandscapeResources/LandscapeGizmoHeight_Mat.uexp" 87
"../../../Engine/Content/EditorLandscapeResources/LandscapeGizmo_Mat.uasset" 88
"../../../Engine/Content/EditorLandscapeResources/LandscapeGizmo_Mat.uexp" 89
"../../../Engine/Content/EditorLandscapeResources/LandscapeGizmo_Mat_Copied.uasset" 90
"../../../Engine/Content/EditorLandscapeResources/LandscapeGizmo_Mat_Copied.uexp" 91
"../../../Engine/Content/EditorLandscapeResources/SplineEditorMeshMat.uasset" 92
"../../../Engine/Content/EditorLandscapeResources/SplineEditorMeshMat.uexp" 93
"../../../Engine/Content/EditorLandscapeResources/SplineEditorMesh.uasset" 94
"../../../Engine/Content/EditorLandscapeResources/SplineEditorMesh.uexp" 95
"../../../Engine/Content/EditorMaterials/Cross.uasset" 96
"../../../Engine/Content/EditorMaterials/Cross.uexp" 97
"../../../Engine/Content/EditorMaterials/Cross_Mat.uasset" 98
"../../../Engine/Content/EditorMaterials/Cross_Mat.uexp" 99
"../../../Engine/Content/EditorResources/T_EditorHelp.uasset" 100
"../../../Engine/Content/EditorResources/T_EditorHelp.uexp" 101
"../../../Engine/Content/EditorResources/T_EditorHelp.ubulk" 102
"../../../Engine/Content/Functions/Engine_MaterialFunctions02/Utility/Sign.uasset" 103
"../../../Engine/Content/Functions/Engine_MaterialFunctions02/Utility/Sign.uexp" 104
"../../../Engine/Content/Functions/Engine_MaterialFunctions02/Utility/Round.uasset" 105
"../../../Engine/Content/Functions/Engine_MaterialFunctions02/Utility/Round.uexp" 106
"../../../Engine/Content/Functions/Engine_MaterialFunctions02/ExampleContent/Textures/DebugNumberPeriod.uasset" 107
"../../../Engine/Content/Functions/Engine_MaterialFunctions02/ExampleContent/Textures/DebugNumberPeriod.uexp" 108
"../../../Engine/Content/Functions/Engine_MaterialFunctions02/ExampleContent/DebugNumberStrip.uasset" 109
"../../../Engine/Content/Functions/Engine_MaterialFunctions02/ExampleContent/DebugNumberStrip.uexp" 110
"../../../Engine/Content/EngineMaterials/DefaultDiffuse.uasset" 111
"../../../Engine/Content/EngineMaterials/DefaultDiffuse.uexp" 112
"../../../Engine/Content/EngineMaterials/DefaultDiffuse.ubulk" 113
"../../../Engine/Content/Functions/Engine_MaterialFunctions01/Texturing/TextureCropping.uasset" 114
"../../../Engine/Content/Functions/Engine_MaterialFunctions01/Texturing/TextureCropping.uexp" 115
"../../../Engine/Content/Functions/Engine_MaterialFunctions01/Texturing/ComputeMipLevel.uasset" 116
"../../../Engine/Content/Functions/Engine_MaterialFunctions01/Texturing/ComputeMipLevel.uexp" 117
"../../../Engine/Content/Functions/Engine_MaterialFunctions02/Utility/DebugScalarValues.uasset" 118
"../../../Engine/Content/Functions/Engine_MaterialFunctions02/Utility/DebugScalarValues.uexp" 119
"../../../Engine/Content/Functions/Engine_MaterialFunctions02/Utility/DebugFloat2Values.uasset" 120
"../../../Engine/Content/Functions/Engine_MaterialFunctions02/Utility/DebugFloat2Values.uexp" 121
"../../../Engine/Content/Functions/Engine_MaterialFunctions02/ExampleContent/Textures/flipbook.uasset" 122
"../../../Engine/Content/Functions/Engine_MaterialFunctions02/ExampleContent/Textures/flipbook.uexp" 123
"../../../Engine/Content/Functions/Engine_MaterialFunctions02/ExampleContent/Textures/flipbook.ubulk" 124
"../../../Engine/Content/Functions/Engine_MaterialFunctions02/Texturing/FlipBook.uasset" 125
"../../../Engine/Content/Functions/Engine_MaterialFunctions02/Texturing/FlipBook.uexp" 126
"../../../Engine/Content/EditorMaterials/HelpActorMaterial.uasset" 127
"../../../Engine/Content/EditorMaterials/HelpActorMaterial.uexp" 128
"../../../Engine/Content/Functions/Engine_MaterialFunctions03/Procedurals/ComputeFilterWidth.uasset" 129
"../../../Engine/Content/Functions/Engine_MaterialFunctions03/Procedurals/ComputeFilterWidth.uexp" 130
"../../../Engine/Content/EngineMaterials/BlendFunc_DefBlend.uasset" 131
"../../../Engine/Content/EngineMaterials/BlendFunc_DefBlend.uexp" 132
"../../../Engine/Content/EngineMaterials/BlendFunc_DefBase.uasset" 133
"../../../Engine/Content/EngineMaterials/BlendFunc_DefBase.uexp" 134
"../../../Engine/Content/Functions/Engine_MaterialFunctions03/Blends/Blend_Screen.uasset" 135
"../../../Engine/Content/Functions/Engine_MaterialFunctions03/Blends/Blend_Screen.uexp" 136
"../../../Engine/Content/EditorMaterials/TilingAALineIntegral.uasset" 137
"../../../Engine/Content/EditorMaterials/TilingAALineIntegral.uexp" 138
"../../../Engine/Content/EditorMaterials/TilingAALineBoxFiltered.uasset" 139
"../../../Engine/Content/EditorMaterials/TilingAALineBoxFiltered.uexp" 140
"../../../Engine/Content/EditorMaterials/TilingAAGrid.uasset" 141
"../../../Engine/Content/EditorMaterials/TilingAAGrid.uexp" 142
"../../../Engine/Content/EditorMaterials/TilingAADots.uasset" 143
"../../../Engine/Content/EditorMaterials/TilingAADots.uexp" 144
"../../../Engine/Content/EditorMaterials/CompositeARGBLayer.uasset" 145
"../../../Engine/Content/EditorMaterials/CompositeARGBLayer.uexp" 146
"../../../Engine/Content/EditorMaterials/LevelGridMaterial.uasset" 147
"../../../Engine/Content/EditorMaterials/LevelGridMaterial.uexp" 148
"../../../Engine/Content/EditorResources/LevelGrid1DStripes.uasset" 149
"../../../Engine/Content/EditorResources/LevelGrid1DStripes.uexp" 150
"../../../Engine/Content/EditorMaterials/TextureGridCascaded1D.uasset" 151
"../../../Engine/Content/EditorMaterials/TextureGridCascaded1D.uexp" 152
"../../../Engine/Content/EditorMaterials/TextureGridCascaded2D.uasset" 153
"../../../Engine/Content/EditorMaterials/TextureGridCascaded2D.uexp" 154
"../../../Engine/Content/EditorMaterials/MakeCompositeARGBLayer.uasset" 155
"../../../Engine/Content/EditorMaterials/MakeCompositeARGBLayer.uexp" 156
"../../../Engine/Content/EditorMaterials/LevelGridMaterial2.uasset" 157
"../../../Engine/Content/EditorMaterials/LevelGridMaterial2.uexp" 158
"../../../Engine/Content/EditorMaterials/MAT_Groups_Toggle.uasset" 159
"../../../Engine/Content/EditorMaterials/MAT_Groups_Toggle.uexp" 160
"../../../Engine/Content/EditorMaterials/MAT_Groups_Visibility.uasset" 161
"../../../Engine/Content/EditorMaterials/MAT_Groups_Visibility.uexp" 162
"../../../Engine/Content/EditorMaterials/PhAT_BoneSelectedMaterial.uasset" 163
"../../../Engine/Content/EditorMaterials/PhAT_BoneSelectedMaterial.uexp" 164
"../../../Engine/Content/EditorMaterials/PhAT_ElemSelectedMaterial.uasset" 165
"../../../Engine/Content/EditorMaterials/PhAT_ElemSelectedMaterial.uexp" 166
"../../../Engine/Content/EditorMaterials/PhAT_NoCollisionMaterial.uasset" 167
"../../../Engine/Content/EditorMaterials/PhAT_NoCollisionMaterial.uexp" 168
"../../../Engine/Content/EditorMaterials/PhAT_UnselectedMaterial.uasset" 169
"../../../Engine/Content/EditorMaterials/PhAT_UnselectedMaterial.uexp" 170
"../../../Engine/Content/EditorMaterials/PreviewShadowIndicator.uasset" 171
"../../../Engine/Content/EditorMaterials/PreviewShadowIndicator.uexp" 172
"../../../Engine/Content/EditorMaterials/PreviewShadowIndicator.ubulk" 173
"../../../Engine/Content/EditorMaterials/PreviewShadowIndicatorMaterial.uasset" 174
"../../../Engine/Content/EditorMaterials/PreviewShadowIndicatorMaterial.uexp" 175
"../../../Engine/Content/EditorMaterials/TargetIcon.uasset" 176
"../../../Engine/Content/EditorMaterials/TargetIcon.uexp" 177
"../../../Engine/Content/EditorMaterials/TargetIcon.ubulk" 178
"../../../Engine/Content/EditorMaterials/Tick.uasset" 179
"../../../Engine/Content/EditorMaterials/Tick.uexp" 180
"../../../Engine/Content/EditorMaterials/Tick_Mat.uasset" 181
"../../../Engine/Content/EditorMaterials/Tick_Mat.uexp" 182
"../../../Engine/Content/EditorMaterials/WidgetGridVertexColorMaterial.uasset" 183
"../../../Engine/Content/EditorMaterials/WidgetGridVertexColorMaterial.uexp" 184
"../../../Engine/Content/EditorMaterials/WidgetGridVertexColorMaterial.ubulk" 185
"../../../Engine/Content/EditorMaterials/WidgetGridVertexColorMaterial_Ma.uasset" 186
"../../../Engine/Content/EditorMaterials/WidgetGridVertexColorMaterial_Ma.uexp" 187
"../../../Engine/Content/EditorMaterials/WidgetMaterial.uasset" 188
"../../../Engine/Content/EditorMaterials/WidgetMaterial.uexp" 189
"../../../Engine/Content/EditorMaterials/WidgetMaterial_Current.uasset" 190
"../../../Engine/Content/EditorMaterials/WidgetMaterial_Current.uexp" 191
"../../../Engine/Content/EditorMaterials/WidgetMaterial_X.uasset" 192
"../../../Engine/Content/EditorMaterials/WidgetMaterial_X.uexp" 193
"../../../Engine/Content/EditorMaterials/WidgetMaterial_Y.uasset" 194
"../../../Engine/Content/EditorMaterials/WidgetMaterial_Y.uexp" 195
"../../../Engine/Content/EditorMaterials/WidgetMaterial_Z.uasset" 196
"../../../Engine/Content/EditorMaterials/WidgetMaterial_Z.uexp" 197
"../../../Engine/Content/EditorMaterials/WidgetVertexColorMaterial.uasset" 198
"../../../Engine/Content/EditorMaterials/WidgetVertexColorMaterial.uexp" 199
"../../../Engine/Content/EditorMaterials/AssetViewer/EpicQuadPanorama_CC+EV1.uasset" 200
"../../../Engine/Content/EditorMaterials/AssetViewer/EpicQuadPanorama_CC+EV1.uexp" 201
"../../../Engine/Content/MapTemplates/Sky/SunsetAmbientCubemap.uasset" 202
"../../../Engine/Content/MapTemplates/Sky/SunsetAmbientCubemap.uexp" 203
"../../../Engine/Content/EditorMaterials/AssetViewer/M_SkyBox.uasset" 204
"../../../Engine/Content/EditorMaterials/AssetViewer/M_SkyBox.uexp" 205
"../../../Engine/Content/EditorMaterials/MatineeGroups/MAT_ColorTrack.uasset" 206
"../../../Engine/Content/EditorMaterials/MatineeGroups/MAT_ColorTrack.uexp" 207
"../../../Engine/Content/EditorMaterials/MatineeGroups/MAT_Groups_Anim.uasset" 208
"../../../Engine/Content/EditorMaterials/MatineeGroups/MAT_Groups_Anim.uexp" 209
"../../../Engine/Content/EditorMaterials/MatineeGroups/MAT_Groups_AudioMaster.uasset" 210
"../../../Engine/Content/EditorMaterials/MatineeGroups/MAT_Groups_AudioMaster.uexp" 211
"../../../Engine/Content/EditorMaterials/MatineeGroups/MAT_Groups_Director.uasset" 212
"../../../Engine/Content/EditorMaterials/MatineeGroups/MAT_Groups_Director.uexp" 213
"../../../Engine/Content/EditorMaterials/MatineeGroups/MAT_Groups_Event.uasset" 214
"../../../Engine/Content/EditorMaterials/MatineeGroups/MAT_Groups_Event.uexp" 215
"../../../Engine/Content/EditorMaterials/MatineeGroups/MAT_Groups_Fade.uasset" 216
"../../../Engine/Content/EditorMaterials/MatineeGroups/MAT_Groups_Fade.uexp" 217
"../../../Engine/Content/EditorMaterials/MatineeGroups/MAT_Groups_Float.uasset" 218
"../../../Engine/Content/EditorMaterials/MatineeGroups/MAT_Groups_Float.uexp" 219
"../../../Engine/Content/EditorMaterials/MatineeGroups/MAT_Groups_Move.uasset" 220
"../../../Engine/Content/EditorMaterials/MatineeGroups/MAT_Groups_Move.uexp" 221
"../../../Engine/Content/EditorMaterials/MatineeGroups/MAT_Groups_Slomo.uasset" 222
"../../../Engine/Content/EditorMaterials/MatineeGroups/MAT_Groups_Slomo.uexp" 223
"../../../Engine/Content/EditorMaterials/MatineeGroups/MAT_Groups_Sound.uasset" 224
"../../../Engine/Content/EditorMaterials/MatineeGroups/MAT_Groups_Sound.uexp" 225
"../../../Engine/Content/EditorMaterials/MatineeGroups/MAT_Groups_Vector.uasset" 226
"../../../Engine/Content/EditorMaterials/MatineeGroups/MAT_Groups_Vector.uexp" 227
"../../../Engine/Content/EditorMaterials/ParticleSystems/PSysThumbnail_NoImage.uasset" 228
"../../../Engine/Content/EditorMaterials/ParticleSystems/PSysThumbnail_NoImage.uexp" 229
"../../../Engine/Content/EditorMaterials/ParticleSystems/PSysThumbnail_NoImage.ubulk" 230
"../../../Engine/Content/EditorMaterials/ParticleSystems/PSysThumbnail_OOD.uasset" 231
"../../../Engine/Content/EditorMaterials/ParticleSystems/PSysThumbnail_OOD.uexp" 232
"../../../Engine/Content/EditorMaterials/ParticleSystems/PSysThumbnail_OOD.ubulk" 233
"../../../Engine/Content/EngineMaterials/Grid.uasset" 234
"../../../Engine/Content/EngineMaterials/Grid.uexp" 235
"../../../Engine/Content/EngineMaterials/Grid.ubulk" 236
"../../../Engine/Content/EditorMaterials/Thumbnails/FloorPlaneMaterial.uasset" 237
"../../../Engine/Content/EditorMaterials/Thumbnails/FloorPlaneMaterial.uexp" 238
"../../../Engine/Content/EditorMeshes/EditorCube.uasset" 239
"../../../Engine/Content/EditorMeshes/EditorCube.uexp" 240
"../../../Engine/Content/EditorMeshes/EditorCylinder.uasset" 241
"../../../Engine/Content/EditorMeshes/EditorCylinder.uexp" 242
"../../../Engine/Content/EditorMeshes/EditorPlane.uasset" 243
"../../../Engine/Content/EditorMeshes/EditorPlane.uexp" 244
"../../../Engine/Content/EditorMaterials/Thumbnails/SkySphereMaterial.uasset" 245
"../../../Engine/Content/EditorMaterials/Thumbnails/SkySphereMaterial.uexp" 246
"../../../Engine/Content/EditorMeshes/EditorSkySphere.uasset" 247
"../../../Engine/Content/EditorMeshes/EditorSkySphere.uexp" 248
"../../../Engine/Content/EditorMeshes/EditorSphere.uasset" 249
"../../../Engine/Content/EditorMeshes/EditorSphere.uexp" 250
"../../../Engine/Content/EditorResources/MatineeCam_D.uasset" 251
"../../../Engine/Content/EditorResources/MatineeCam_D.uexp" 252
"../../../Engine/Content/EditorMaterials/MatineeCam_mat.uasset" 253
"../../../Engine/Content/EditorMaterials/MatineeCam_mat.uexp" 254
"../../../Engine/Content/EditorMeshes/MatineeCam_SM.uasset" 255
"../../../Engine/Content/EditorMeshes/MatineeCam_SM.uexp" 256
"../../../Engine/Content/EditorMeshes/PlanarReflectionPlane.uasset" 257
"../../../Engine/Content/EditorMeshes/PlanarReflectionPlane.uexp" 258
"../../../Engine/Content/Functions/Engine_MaterialFunctions01/Shading/ConvertFromDiffSpec.uasset" 259
"../../../Engine/Content/Functions/Engine_MaterialFunctions01/Shading/ConvertFromDiffSpec.uexp" 260
"../../../Engine/Content/EditorMaterials/GridMaterial.uasset" 261
"../../../Engine/Content/EditorMaterials/GridMaterial.uexp" 262
"../../../Engine/Content/EditorMeshes/AssetViewer/Floor_Mesh.uasset" 263
"../../../Engine/Content/EditorMeshes/AssetViewer/Floor_Mesh.uexp" 264
"../../../Engine/Content/EditorMeshes/AssetViewer/Sphere_inversenormals.uasset" 265
"../../../Engine/Content/EditorMeshes/AssetViewer/Sphere_inversenormals.uexp" 266
"../../../Engine/Content/EngineDebugMaterials/M_SimpleOpaque.uasset" 267
"../../../Engine/Content/EngineDebugMaterials/M_SimpleOpaque.uexp" 268
"../../../Engine/Content/EditorMaterials/Camera/MI_CineMat_CamViewFinder.uasset" 269
"../../../Engine/Content/EditorMaterials/Camera/MI_CineMat_CamViewFinder.uexp" 270
"../../../Engine/Content/EditorMaterials/Camera/CineMat.uasset" 271
"../../../Engine/Content/EditorMaterials/Camera/CineMat.uexp" 272
"../../../Engine/Content/EditorMaterials/Camera/MI_CineMat_CameraBody.uasset" 273
"../../../Engine/Content/EditorMaterials/Camera/MI_CineMat_CameraBody.uexp" 274
"../../../Engine/Content/EditorMeshes/Camera/SM_CineCam.uasset" 275
"../../../Engine/Content/EditorMeshes/Camera/SM_CineCam.uexp" 276
"../../../Engine/Content/EditorMaterials/Camera/MI_CineMat_Rig.uasset" 277
"../../../Engine/Content/EditorMaterials/Camera/MI_CineMat_Rig.uexp" 278
"../../../Engine/Content/EditorMeshes/Camera/SM_CraneRig_Arm.uasset" 279
"../../../Engine/Content/EditorMeshes/Camera/SM_CraneRig_Arm.uexp" 280
"../../../Engine/Content/EditorMeshes/Camera/SM_CraneRig_Base.uasset" 281
"../../../Engine/Content/EditorMeshes/Camera/SM_CraneRig_Base.uexp" 282
"../../../Engine/Content/EditorMeshes/Camera/SM_CraneRig_Body.uasset" 283
"../../../Engine/Content/EditorMeshes/Camera/SM_CraneRig_Body.uexp" 284
"../../../Engine/Content/EditorMeshes/Camera/SM_CraneRig_Mount.uasset" 285
"../../../Engine/Content/EditorMeshes/Camera/SM_CraneRig_Mount.uexp" 286
"../../../Engine/Content/EditorMeshes/Camera/SM_RailRig_Mount.uasset" 287
"../../../Engine/Content/EditorMeshes/Camera/SM_RailRig_Mount.uexp" 288
"../../../Engine/Content/EditorMeshes/Camera/SM_RailRig_Track.uasset" 289
"../../../Engine/Content/EditorMeshes/Camera/SM_RailRig_Track.uexp" 290
"../../../Engine/Content/EditorMeshes/ColorCalibrator/M_ChromeBall.uasset" 291
"../../../Engine/Content/EditorMeshes/ColorCalibrator/M_ChromeBall.uexp" 292
"../../../Engine/Content/EditorResources/Bad.uasset" 293
"../../../Engine/Content/EditorResources/Bad.uexp" 294
"../../../Engine/Content/EditorResources/Bad.ubulk" 295
"../../../Engine/Content/EditorResources/BSPVertex.uasset" 296
"../../../Engine/Content/EditorResources/BSPVertex.uexp" 297
"../../../Engine/Content/EditorResources/EmptyActor.uasset" 298
"../../../Engine/Content/EditorResources/EmptyActor.uexp" 299
"../../../Engine/Content/EditorResources/MatInstActSprite.uasset" 300
"../../../Engine/Content/EditorResources/MatInstActSprite.uexp" 301
"../../../Engine/Content/EditorResources/MatInstActSprite.ubulk" 302
"../../../Engine/Content/EditorResources/SceneManager.uasset" 303
"../../../Engine/Content/EditorResources/SceneManager.uexp" 304
"../../../Engine/Content/EditorResources/SceneManager.ubulk" 305
"../../../Engine/Content/EditorResources/SimplygonLogo.uasset" 306
"../../../Engine/Content/EditorResources/SimplygonLogo.uexp" 307
"../../../Engine/Content/EditorResources/SmallFont.uasset" 308
"../../../Engine/Content/EditorResources/SmallFont.uexp" 309
"../../../Engine/Content/EditorResources/S_Actor.uasset" 310
"../../../Engine/Content/EditorResources/S_Actor.uexp" 311
"../../../Engine/Content/EditorResources/S_Actor.ubulk" 312
"../../../Engine/Content/EditorResources/S_CameraShakeSource.uasset" 313
"../../../Engine/Content/EditorResources/S_CameraShakeSource.uexp" 314
"../../../Engine/Content/EditorResources/S_DecalActorIcon.uasset" 315
"../../../Engine/Content/EditorResources/S_DecalActorIcon.uexp" 316
"../../../Engine/Content/EditorResources/S_DecalActorIcon.ubulk" 317
"../../../Engine/Content/EditorResources/S_Emitter.uasset" 318
"../../../Engine/Content/EditorResources/S_Emitter.uexp" 319
"../../../Engine/Content/EditorResources/S_Emitter.ubulk" 320
"../../../Engine/Content/EditorResources/S_ExpoHeightFog.uasset" 321
"../../../Engine/Content/EditorResources/S_ExpoHeightFog.uexp" 322
"../../../Engine/Content/EditorResources/S_ExpoHeightFog.ubulk" 323
"../../../Engine/Content/EditorResources/S_FTest.uasset" 324
"../../../Engine/Content/EditorResources/S_FTest.uexp" 325
"../../../Engine/Content/EditorResources/S_KBSJoint.uasset" 326
"../../../Engine/Content/EditorResources/S_KBSJoint.uexp" 327
"../../../Engine/Content/EditorResources/S_KBSJoint.ubulk" 328
"../../../Engine/Content/EditorResources/S_KHinge.uasset" 329
"../../../Engine/Content/EditorResources/S_KHinge.uexp" 330
"../../../Engine/Content/EditorResources/S_KHinge.ubulk" 331
"../../../Engine/Content/EditorResources/S_KPrismatic.uasset" 332
"../../../Engine/Content/EditorResources/S_KPrismatic.uexp" 333
"../../../Engine/Content/EditorResources/S_KPrismatic.ubulk" 334
"../../../Engine/Content/EditorResources/S_LevelSequence.uasset" 335
"../../../Engine/Content/EditorResources/S_LevelSequence.uexp" 336
"../../../Engine/Content/EditorResources/S_LevelSequence.ubulk" 337
"../../../Engine/Content/EditorResources/S_NavP.uasset" 338
"../../../Engine/Content/EditorResources/S_NavP.uexp" 339
"../../../Engine/Content/EditorResources/S_NavP.ubulk" 340
"../../../Engine/Content/EditorResources/S_Note.uasset" 341
"../../../Engine/Content/EditorResources/S_Note.uexp" 342
"../../../Engine/Content/EditorResources/S_Note.ubulk" 343
"../../../Engine/Content/EditorResources/S_Player.uasset" 344
"../../../Engine/Content/EditorResources/S_Player.uexp" 345
"../../../Engine/Content/EditorResources/S_Player.ubulk" 346
"../../../Engine/Content/EditorResources/S_PortalActorIcon2.uasset" 347
"../../../Engine/Content/EditorResources/S_PortalActorIcon2.uexp" 348
"../../../Engine/Content/EditorResources/S_PortalActorIcon2.ubulk" 349
"../../../Engine/Content/EditorResources/S_RadForce.uasset" 350
"../../../Engine/Content/EditorResources/S_RadForce.uexp" 351
"../../../Engine/Content/EditorResources/S_RadForce.ubulk" 352
"../../../Engine/Content/EditorResources/S_ReflActorIcon.uasset" 353
"../../../Engine/Content/EditorResources/S_ReflActorIcon.uexp" 354
"../../../Engine/Content/EditorResources/S_ReflActorIcon.ubulk" 355
"../../../Engine/Content/EditorResources/S_SkyAtmosphere.uasset" 356
"../../../Engine/Content/EditorResources/S_SkyAtmosphere.uexp" 357
"../../../Engine/Content/EditorResources/S_SkyAtmosphere.ubulk" 358
"../../../Engine/Content/EditorResources/S_Solver.uasset" 359
"../../../Engine/Content/EditorResources/S_Solver.uexp" 360
"../../../Engine/Content/EditorResources/S_Solver.ubulk" 361
"../../../Engine/Content/EditorResources/S_Terrain.uasset" 362
"../../../Engine/Content/EditorResources/S_Terrain.uexp" 363
"../../../Engine/Content/EditorResources/S_Terrain.ubulk" 364
"../../../Engine/Content/EditorResources/S_TextRenderActorIcon.uasset" 365
"../../../Engine/Content/EditorResources/S_TextRenderActorIcon.uexp" 366
"../../../Engine/Content/EditorResources/S_TextRenderActorIcon.ubulk" 367
"../../../Engine/Content/EditorResources/S_Thruster.uasset" 368
"../../../Engine/Content/EditorResources/S_Thruster.uexp" 369
"../../../Engine/Content/EditorResources/S_Thruster.ubulk" 370
"../../../Engine/Content/EditorResources/S_Trigger.uasset" 371
"../../../Engine/Content/EditorResources/S_Trigger.uexp" 372
"../../../Engine/Content/EditorResources/S_Trigger.ubulk" 373
"../../../Engine/Content/EditorResources/S_VectorFieldVol.uasset" 374
"../../../Engine/Content/EditorResources/S_VectorFieldVol.uexp" 375
"../../../Engine/Content/EditorResources/S_VectorFieldVol.ubulk" 376
"../../../Engine/Content/EditorResources/S_VolumetricCloud.uasset" 377
"../../../Engine/Content/EditorResources/S_VolumetricCloud.uexp" 378
"../../../Engine/Content/EditorResources/S_VolumetricCloud.ubulk" 379
"../../../Engine/Content/EditorResources/S_WindDirectional.uasset" 380
"../../../Engine/Content/EditorResources/S_WindDirectional.uexp" 381
"../../../Engine/Content/EditorResources/S_WindDirectional.ubulk" 382
"../../../Engine/Content/EditorResources/AI/S_NavLink.uasset" 383
"../../../Engine/Content/EditorResources/AI/S_NavLink.uexp" 384
"../../../Engine/Content/EditorResources/LightIcons/SkyLight.uasset" 385
"../../../Engine/Content/EditorResources/LightIcons/SkyLight.uexp" 386
"../../../Engine/Content/EditorResources/LightIcons/S_LightDirectional.uasset" 387
"../../../Engine/Content/EditorResources/LightIcons/S_LightDirectional.uexp" 388
"../../../Engine/Content/EditorResources/LightIcons/S_LightDirectionalMove.uasset" 389
"../../../Engine/Content/EditorResources/LightIcons/S_LightDirectionalMove.uexp" 390
"../../../Engine/Content/EditorResources/LightIcons/S_LightError.uasset" 391
"../../../Engine/Content/EditorResources/LightIcons/S_LightError.uexp" 392
"../../../Engine/Content/EditorResources/LightIcons/S_LightPoint.uasset" 393
"../../../Engine/Content/EditorResources/LightIcons/S_LightPoint.uexp" 394
"../../../Engine/Content/EditorResources/LightIcons/S_LightPointMove.uasset" 395
"../../../Engine/Content/EditorResources/LightIcons/S_LightPointMove.uexp" 396
"../../../Engine/Content/EditorResources/LightIcons/S_LightSpot.uasset" 397
"../../../Engine/Content/EditorResources/LightIcons/S_LightSpot.uexp" 398
"../../../Engine/Content/EditorResources/LightIcons/S_LightSpotMove.uasset" 399
"../../../Engine/Content/EditorResources/LightIcons/S_LightSpotMove.uexp" 400
"../../../Engine/Content/EditorResources/SequenceRecorder/Countdown.uasset" 401
"../../../Engine/Content/EditorResources/SequenceRecorder/Countdown.uexp" 402
"../../../Engine/Content/EditorResources/SequenceRecorder/RecordingIndicator.uasset" 403
"../../../Engine/Content/EditorResources/SequenceRecorder/RecordingIndicator.uexp" 404
"../../../Engine/Content/EditorResources/Spline/T_Loft_Spline.uasset" 405
"../../../Engine/Content/EditorResources/Spline/T_Loft_Spline.uexp" 406
"../../../Engine/Content/EditorSounds/Notifications/CompileSuccess.uasset" 407
"../../../Engine/Content/EditorSounds/Notifications/CompileSuccess.uexp" 408
"../../../Engine/Content/EditorSounds/Notifications/CompileStart_Cue.uasset" 409
"../../../Engine/Content/EditorSounds/Notifications/CompileStart_Cue.uexp" 410
"../../../Engine/Content/EngineDamageTypes/DmgTypeBP_Environmental.uasset" 411
"../../../Engine/Content/EngineDamageTypes/DmgTypeBP_Environmental.uexp" 412
"../../../Engine/Content/EngineDebugMaterials/HeatmapGradient.uasset" 413
"../../../Engine/Content/EngineDebugMaterials/HeatmapGradient.uexp" 414
"../../../Engine/Content/EngineDebugMaterials/HeatmapGradient.ubulk" 415
"../../../Engine/Content/EngineDebugMaterials/BoneWeightMaterial.uasset" 416
"../../../Engine/Content/EngineDebugMaterials/BoneWeightMaterial.uexp" 417
"../../../Engine/Content/EngineDebugMaterials/ClothMaterial.uasset" 418
"../../../Engine/Content/EngineDebugMaterials/ClothMaterial.uexp" 419
"../../../Engine/Content/EngineDebugMaterials/ClothMaterial_WF.uasset" 420
"../../../Engine/Content/EngineDebugMaterials/ClothMaterial_WF.uexp" 421
"../../../Engine/Content/EngineDebugMaterials/DebugEditorMaterial.uasset" 422
"../../../Engine/Content/EngineDebugMaterials/DebugEditorMaterial.uexp" 423
"../../../Engine/Content/EngineDebugMaterials/DebugMeshMaterial.uasset" 424
"../../../Engine/Content/EngineDebugMaterials/DebugMeshMaterial.uexp" 425
"../../../Engine/Content/EngineDebugMaterials/GeomMaterial.uasset" 426
"../../../Engine/Content/EngineDebugMaterials/GeomMaterial.uexp" 427
"../../../Engine/Content/EngineDebugMaterials/LevelColorationLitMaterial.uasset" 428
"../../../Engine/Content/EngineDebugMaterials/LevelColorationLitMaterial.uexp" 429
"../../../Engine/Content/EngineDebugMaterials/LevelColorationUnlitMaterial.uasset" 430
"../../../Engine/Content/EngineDebugMaterials/LevelColorationUnlitMaterial.uexp" 431
"../../../Engine/Content/EngineMaterials/DefaultWhiteGrid.uasset" 432
"../../../Engine/Content/EngineMaterials/DefaultWhiteGrid.uexp" 433
"../../../Engine/Content/EngineMaterials/DefaultWhiteGrid.ubulk" 434
"../../../Engine/Content/EngineDebugMaterials/MAT_LevelColorationLitLightmapUV.uasset" 435
"../../../Engine/Content/EngineDebugMaterials/MAT_LevelColorationLitLightmapUV.uexp" 436
"../../../Engine/Content/EngineDebugMaterials/M_SimpleUnlitTranslucent.uasset" 437
"../../../Engine/Content/EngineDebugMaterials/M_SimpleUnlitTranslucent.uexp" 438
"../../../Engine/Content/EngineDebugMaterials/VolumeToRender.uasset" 439
"../../../Engine/Content/EngineDebugMaterials/VolumeToRender.uexp" 440
"../../../Engine/Content/Functions/Engine_MaterialFunctions02/Utility/CameraDirectionVector.uasset" 441
"../../../Engine/Content/Functions/Engine_MaterialFunctions02/Utility/CameraDirectionVector.uexp" 442
"../../../Engine/Content/EngineDebugMaterials/M_VolumeRenderSphereTracePP.uasset" 443
"../../../Engine/Content/EngineDebugMaterials/M_VolumeRenderSphereTracePP.uexp" 444
"../../../Engine/Content/EngineMaterials/DefaultWhiteGrid_Low.uasset" 445
"../../../Engine/Content/EngineMaterials/DefaultWhiteGrid_Low.uexp" 446
"../../../Engine/Content/EngineDebugMaterials/PhysicalMaterialMaskMaterial.uasset" 447
"../../../Engine/Content/EngineDebugMaterials/PhysicalMaterialMaskMaterial.uexp" 448
"../../../Engine/Content/EngineDebugMaterials/ShadedLevelColorationLitMaterial.uasset" 449
"../../../Engine/Content/EngineDebugMaterials/ShadedLevelColorationLitMaterial.uexp" 450
"../../../Engine/Content/EngineDebugMaterials/ShadedLevelColorationUnlitMateri.uasset" 451
"../../../Engine/Content/EngineDebugMaterials/ShadedLevelColorationUnlitMateri.uexp" 452
"../../../Engine/Content/EngineDebugMaterials/VertexColorMaterial.uasset" 453
"../../../Engine/Content/EngineDebugMaterials/VertexColorMaterial.uexp" 454
"../../../Engine/Content/EngineDebugMaterials/VertexColorViewMode_AlphaAsColor.uasset" 455
"../../../Engine/Content/EngineDebugMaterials/VertexColorViewMode_AlphaAsColor.uexp" 456
"../../../Engine/Content/EngineDebugMaterials/VertexColorViewMode_BlueOnly.uasset" 457
"../../../Engine/Content/EngineDebugMaterials/VertexColorViewMode_BlueOnly.uexp" 458
"../../../Engine/Content/EngineDebugMaterials/VertexColorViewMode_ColorOnly.uasset" 459
"../../../Engine/Content/EngineDebugMaterials/VertexColorViewMode_ColorOnly.uexp" 460
"../../../Engine/Content/EngineDebugMaterials/VertexColorViewMode_GreenOnly.uasset" 461
"../../../Engine/Content/EngineDebugMaterials/VertexColorViewMode_GreenOnly.uexp" 462
"../../../Engine/Content/EngineDebugMaterials/VertexColorViewMode_RedOnly.uasset" 463
"../../../Engine/Content/EngineDebugMaterials/VertexColorViewMode_RedOnly.uexp" 464
"../../../Engine/Content/EngineDebugMaterials/WireframeMaterial.uasset" 465
"../../../Engine/Content/EngineDebugMaterials/WireframeMaterial.uexp" 466
"../../../Engine/Content/EngineFonts/Faces/RobotoRegular.uasset" 467
"../../../Engine/Content/EngineFonts/Faces/RobotoRegular.uexp" 468
"../../../Engine/Content/EngineFonts/Faces/RobotoRegular.ufont" 469
"../../../Engine/Content/EngineFonts/Faces/RobotoLight.uasset" 470
"../../../Engine/Content/EngineFonts/Faces/RobotoLight.uexp" 471
"../../../Engine/Content/EngineFonts/Faces/RobotoLight.ufont" 472
"../../../Engine/Content/EngineFonts/Faces/RobotoItalic.uasset" 473
"../../../Engine/Content/EngineFonts/Faces/RobotoItalic.uexp" 474
"../../../Engine/Content/EngineFonts/Faces/RobotoItalic.ufont" 475
"../../../Engine/Content/EngineFonts/Faces/RobotoBoldItalic.uasset" 476
"../../../Engine/Content/EngineFonts/Faces/RobotoBoldItalic.uexp" 477
"../../../Engine/Content/EngineFonts/Faces/RobotoBoldItalic.ufont" 478
"../../../Engine/Content/EngineFonts/Faces/RobotoBold.uasset" 479
"../../../Engine/Content/EngineFonts/Faces/RobotoBold.uexp" 480
"../../../Engine/Content/EngineFonts/Faces/RobotoBold.ufont" 481
"../../../Engine/Content/EngineFonts/Faces/DroidSansFallback.uasset" 482
"../../../Engine/Content/EngineFonts/Faces/DroidSansFallback.uexp" 483
"../../../Engine/Content/EngineFonts/Faces/DroidSansFallback.ufont" 484
"../../../Engine/Content/EngineFonts/Roboto.uasset" 485
"../../../Engine/Content/EngineFonts/Roboto.uexp" 486
"../../../Engine/Content/EngineFonts/Faces/RobotoTiny.uasset" 487
"../../../Engine/Content/EngineFonts/Faces/RobotoTiny.uexp" 488
"../../../Engine/Content/EngineFonts/Faces/RobotoTiny.ufont" 489
"../../../Engine/Content/EngineFonts/RobotoTiny.uasset" 490
"../../../Engine/Content/EngineFonts/RobotoTiny.uexp" 491
"../../../Engine/Content/EngineFonts/SmallFont.uasset" 492
"../../../Engine/Content/EngineFonts/SmallFont.uexp" 493
"../../../Engine/Content/EngineFonts/TinyFont.uasset" 494
"../../../Engine/Content/EngineFonts/TinyFont.uexp" 495
"../../../Engine/Content/EngineMaterials/BaseFlattenNormalMap.uasset" 496
"../../../Engine/Content/EngineMaterials/BaseFlattenNormalMap.uexp" 497
"../../../Engine/Content/EngineMaterials/BaseFlattenGrayscaleMap.uasset" 498
"../../../Engine/Content/EngineMaterials/BaseFlattenGrayscaleMap.uexp" 499
"../../../Engine/Content/EngineMaterials/BaseFlattenEmissiveMap.uasset" 500
"../../../Engine/Content/EngineMaterials/BaseFlattenEmissiveMap.uexp" 501
"../../../Engine/Content/EngineMaterials/BaseFlattenDiffuseMap.uasset" 502
"../../../Engine/Content/EngineMaterials/BaseFlattenDiffuseMap.uexp" 503
"../../../Engine/Content/EngineMaterials/BaseFlattenMaterial.uasset" 504
"../../../Engine/Content/EngineMaterials/BaseFlattenMaterial.uexp" 505
"../../../Engine/Content/EngineResources/WhiteSquareTexture.uasset" 506
"../../../Engine/Content/EngineResources/WhiteSquareTexture.uexp" 507
"../../../Engine/Content/EngineMaterials/BlinkingCaret.uasset" 508
"../../../Engine/Content/EngineMaterials/BlinkingCaret.uexp" 509
"../../../Engine/Content/EngineMaterials/BlueNoise.uasset" 510
"../../../Engine/Content/EngineMaterials/BlueNoise.uexp" 511
"../../../Engine/Content/EngineMaterials/DefaultBloomKernel.uasset" 512
"../../../Engine/Content/EngineMaterials/DefaultBloomKernel.uexp" 513
"../../../Engine/Content/EngineMaterials/DefaultBokeh.uasset" 514
"../../../Engine/Content/EngineMaterials/DefaultBokeh.uexp" 515
"../../../Engine/Content/EngineMaterials/DefaultDeferredDecalMaterial.uasset" 516
"../../../Engine/Content/EngineMaterials/DefaultDeferredDecalMaterial.uexp" 517
"../../../Engine/Content/EngineMaterials/DefaultLightFunctionMaterial.uasset" 518
"../../../Engine/Content/EngineMaterials/DefaultLightFunctionMaterial.uexp" 519
"../../../Engine/Content/EngineMaterials/DefaultNormal.uasset" 520
"../../../Engine/Content/EngineMaterials/DefaultNormal.uexp" 521
"../../../Engine/Content/EngineMaterials/DefaultNormal.ubulk" 522
"../../../Engine/Content/EngineMaterials/DefaultPostProcessMaterial.uasset" 523
"../../../Engine/Content/EngineMaterials/DefaultPostProcessMaterial.uexp" 524
"../../../Engine/Content/EngineFonts/RobotoDistanceField.uasset" 525
"../../../Engine/Content/EngineFonts/RobotoDistanceField.uexp" 526
"../../../Engine/Content/EngineMaterials/DefaultTextMaterialOpaque.uasset" 527
"../../../Engine/Content/EngineMaterials/DefaultTextMaterialOpaque.uexp" 528
"../../../Engine/Content/EngineMaterials/EditorBrushMaterial.uasset" 529
"../../../Engine/Content/EngineMaterials/EditorBrushMaterial.uexp" 530
"../../../Engine/Content/EngineMaterials/EmissiveMeshMaterial.uasset" 531
"../../../Engine/Content/EngineMaterials/EmissiveMeshMaterial.uexp" 532
"../../../Engine/Content/EngineMaterials/GizmoMaterial.uasset" 533
"../../../Engine/Content/EngineMaterials/GizmoMaterial.uexp" 534
"../../../Engine/Content/EngineMaterials/Good64x64TilingNoiseHighFreq.uasset" 535
"../../../Engine/Content/EngineMaterials/Good64x64TilingNoiseHighFreq.uexp" 536
"../../../Engine/Content/EngineMaterials/Grid_N.uasset" 537
"../../../Engine/Content/EngineMaterials/Grid_N.uexp" 538
"../../../Engine/Content/EngineMaterials/Grid_N.ubulk" 539
"../../../Engine/Content/EngineMaterials/HighResolutionScreenshotMaskFunction.uasset" 540
"../../../Engine/Content/EngineMaterials/HighResolutionScreenshotMaskFunction.uexp" 541
"../../../Engine/Content/EngineMaterials/HighResScreenshot.uasset" 542
"../../../Engine/Content/EngineMaterials/HighResScreenshot.uexp" 543
"../../../Engine/Content/EngineMaterials/HighResScreenshotCaptureRegion.uasset" 544
"../../../Engine/Content/EngineMaterials/HighResScreenshotCaptureRegion.uexp" 545
"../../../Engine/Content/EngineMaterials/HighResScreenshotMask.uasset" 546
"../../../Engine/Content/EngineMaterials/HighResScreenshotMask.uexp" 547
"../../../Engine/Content/EngineMaterials/LandscapeHolePhysicalMaterial.uasset" 548
"../../../Engine/Content/EngineMaterials/LandscapeHolePhysicalMaterial.uexp" 549
"../../../Engine/Content/EngineMaterials/InvalidLightmapSettings.uasset" 550
"../../../Engine/Content/EngineMaterials/InvalidLightmapSettings.uexp" 551
"../../../Engine/Content/EngineMaterials/InvalidLightmapSettings.ubulk" 552
"../../../Engine/Content/EngineMaterials/M_InvalidLightmapSettings.uasset" 553
"../../../Engine/Content/EngineMaterials/M_InvalidLightmapSettings.uexp" 554
"../../../Engine/Content/EngineMaterials/PaperDiffuse.uasset" 555
"../../../Engine/Content/EngineMaterials/PaperDiffuse.uexp" 556
"../../../Engine/Content/EngineMaterials/PaperNormal.uasset" 557
"../../../Engine/Content/EngineMaterials/PaperNormal.uexp" 558
"../../../Engine/Content/Functions/Engine_MaterialFunctions02/WorldPositionOffset/CameraOffset.uasset" 559
"../../../Engine/Content/Functions/Engine_MaterialFunctions02/WorldPositionOffset/CameraOffset.uexp" 560
"../../../Engine/Content/EngineMaterials/PhAT_JointLimitMaterial.uasset" 561
"../../../Engine/Content/EngineMaterials/PhAT_JointLimitMaterial.uexp" 562
"../../../Engine/Content/EngineMaterials/PhysMat_Rubber.uasset" 563
"../../../Engine/Content/EngineMaterials/PhysMat_Rubber.uexp" 564
"../../../Engine/Content/EngineMaterials/DefaultCalibrationColor.uasset" 565
"../../../Engine/Content/EngineMaterials/DefaultCalibrationColor.uexp" 566
"../../../Engine/Content/EngineMaterials/PPM_DefaultCalibrationColor.uasset" 567
"../../../Engine/Content/EngineMaterials/PPM_DefaultCalibrationColor.uexp" 568
"../../../Engine/Content/EngineMaterials/DefaultCalibrationGrayscale.uasset" 569
"../../../Engine/Content/EngineMaterials/DefaultCalibrationGrayscale.uexp" 570
"../../../Engine/Content/EngineMaterials/PPM_DefaultCalibrationGrayscale.uasset" 571
"../../../Engine/Content/EngineMaterials/PPM_DefaultCalibrationGrayscale.uexp" 572
"../../../Engine/Content/EngineMaterials/PreintegratedSkinBRDF.uasset" 573
"../../../Engine/Content/EngineMaterials/PreintegratedSkinBRDF.uexp" 574
"../../../Engine/Content/EngineMaterials/RemoveSurfaceMaterial.uasset" 575
"../../../Engine/Content/EngineMaterials/RemoveSurfaceMaterial.uexp" 576
"../../../Engine/Content/EngineMaterials/WeightMapPlaceholderTexture.uasset" 577
"../../../Engine/Content/EngineMaterials/WeightMapPlaceholderTexture.uexp" 578
"../../../Engine/Content/Functions/Engine_MaterialFunctions01/ImageAdjustment/sRGBToLinear.uasset" 579
"../../../Engine/Content/Functions/Engine_MaterialFunctions01/ImageAdjustment/sRGBToLinear.uexp" 580
"../../../Engine/Content/Functions/Engine_MaterialFunctions02/Utility/BreakOutFloat3Components.uasset" 581
"../../../Engine/Content/Functions/Engine_MaterialFunctions02/Utility/BreakOutFloat3Components.uexp" 582
"../../../Engine/Content/EngineMaterials/Widget3DCameraPassThrough_Opaque_OneSided.uasset" 583
"../../../Engine/Content/EngineMaterials/Widget3DCameraPassThrough_Opaque_OneSided.uexp" 584
"../../../Engine/Content/EngineMaterials/Widget3DPassThrough.uasset" 585
"../../../Engine/Content/EngineMaterials/Widget3DPassThrough.uexp" 586
"../../../Engine/Content/EngineMaterials/Widget3DPassThrough_Masked.uasset" 587
"../../../Engine/Content/EngineMaterials/Widget3DPassThrough_Masked.uexp" 588
"../../../Engine/Content/EngineMaterials/Widget3DPassThrough_Opaque.uasset" 589
"../../../Engine/Content/EngineMaterials/Widget3DPassThrough_Opaque.uexp" 590
"../../../Engine/Content/EngineMaterials/Widget3DPassThrough_Masked_OneSided.uasset" 591
"../../../Engine/Content/EngineMaterials/Widget3DPassThrough_Masked_OneSided.uexp" 592
"../../../Engine/Content/EngineMaterials/Widget3DPassThrough_Opaque_OneSided.uasset" 593
"../../../Engine/Content/EngineMaterials/Widget3DPassThrough_Opaque_OneSided.uexp" 594
"../../../Engine/Content/EngineMaterials/Widget3DPassThrough_Translucent.uasset" 595
"../../../Engine/Content/EngineMaterials/Widget3DPassThrough_Translucent.uexp" 596
"../../../Engine/Content/EngineMaterials/Widget3DPassThrough_Translucent_OneSided.uasset" 597
"../../../Engine/Content/EngineMaterials/Widget3DPassThrough_Translucent_OneSided.uexp" 598
"../../../Engine/Content/EngineMaterials/DefaultMaterial.uasset" 599
"../../../Engine/Content/EngineMaterials/DefaultMaterial.uexp" 600
"../../../Engine/Content/EngineMeshes/Cube.uasset" 601
"../../../Engine/Content/EngineMeshes/Cube.uexp" 602
"../../../Engine/Content/EngineMeshes/Cylinder.uasset" 603
"../../../Engine/Content/EngineMeshes/Cylinder.uexp" 604
"../../../Engine/Content/EngineMeshes/Sphere.uasset" 605
"../../../Engine/Content/EngineMeshes/Sphere.uexp" 606
"../../../Engine/Content/EngineResources/DefaultTextureCube.uasset" 607
"../../../Engine/Content/EngineResources/DefaultTextureCube.uexp" 608
"../../../Engine/Content/EngineResources/DefaultVolumeTexture2D.uasset" 609
"../../../Engine/Content/EngineResources/DefaultVolumeTexture2D.uexp" 610
"../../../Engine/Content/EngineResources/DefaultVolumeTexture.uasset" 611
"../../../Engine/Content/EngineResources/DefaultVolumeTexture.uexp" 612
"../../../Engine/Content/EngineResources/GradientTexture0.uasset" 613
"../../../Engine/Content/EngineResources/GradientTexture0.uexp" 614
"../../../Engine/Content/EngineResources/StreamingPauseIcon.uasset" 615
"../../../Engine/Content/EngineResources/StreamingPauseIcon.uexp" 616
"../../../Engine/Content/EngineResources/M_StreamingPause.uasset" 617
"../../../Engine/Content/EngineResources/M_StreamingPause.uexp" 618
"../../../Engine/Content/EngineSky/VolumetricClouds/T_NoiseShape64.uasset" 619
"../../../Engine/Content/EngineSky/VolumetricClouds/T_NoiseShape64.uexp" 620
"../../../Engine/Content/EngineSky/VolumetricClouds/T_NoiseShape64.ubulk" 621
"../../../Engine/Content/EngineSky/VolumetricClouds/T_VolumeNoiseShape64.uasset" 622
"../../../Engine/Content/EngineSky/VolumetricClouds/T_VolumeNoiseShape64.uexp" 623
"../../../Engine/Content/EngineSky/VolumetricClouds/T_NoiseErosion.uasset" 624
"../../../Engine/Content/EngineSky/VolumetricClouds/T_NoiseErosion.uexp" 625
"../../../Engine/Content/EngineSky/VolumetricClouds/T_NoiseErosion.ubulk" 626
"../../../Engine/Content/EngineSky/VolumetricClouds/T_VolumeNoiseErosion32.uasset" 627
"../../../Engine/Content/EngineSky/VolumetricClouds/T_VolumeNoiseErosion32.uexp" 628
"../../../Engine/Content/EngineSky/VolumetricClouds/CloudWeatherTexture.uasset" 629
"../../../Engine/Content/EngineSky/VolumetricClouds/CloudWeatherTexture.uexp" 630
"../../../Engine/Content/EngineSky/VolumetricClouds/CloudGradientTexture.uasset" 631
"../../../Engine/Content/EngineSky/VolumetricClouds/CloudGradientTexture.uexp" 632
"../../../Engine/Content/EngineSky/VolumetricClouds/m_SimpleVolumetricCloud.uasset" 633
"../../../Engine/Content/EngineSky/VolumetricClouds/m_SimpleVolumetricCloud.uexp" 634
"../../../Engine/Content/EngineSky/VolumetricClouds/m_SimpleVolumetricCloud_Inst.uasset" 635
"../../../Engine/Content/EngineSky/VolumetricClouds/m_SimpleVolumetricCloud_Inst.uexp" 636
"../../../Engine/Content/EngineSounds/Master.uasset" 637
"../../../Engine/Content/EngineSounds/Master.uexp" 638
"../../../Engine/Content/Functions/Engine_MaterialFunctions01/Shading/PowerToRoughness.uasset" 639
"../../../Engine/Content/Functions/Engine_MaterialFunctions01/Shading/PowerToRoughness.uexp" 640
"../../../Engine/Content/Maps/Templates/Thumbnails/Default.uasset" 641
"../../../Engine/Content/Maps/Templates/Thumbnails/Default.uexp" 642
"../../../Engine/Content/Maps/Templates/Thumbnails/VR-Basic.uasset" 643
"../../../Engine/Content/Maps/Templates/Thumbnails/VR-Basic.uexp" 644
"../../../Engine/Content/MapTemplates/Sky/DaylightAmbientCubemap.uasset" 645
"../../../Engine/Content/MapTemplates/Sky/DaylightAmbientCubemap.uexp" 646
"../../../Engine/Content/MobileResources/T_MobileControls_texture.uasset" 647
"../../../Engine/Content/MobileResources/T_MobileControls_texture.uexp" 648
"../../../Engine/Content/MobileResources/T_MobileMenu2.uasset" 649
"../../../Engine/Content/MobileResources/T_MobileMenu2.uexp" 650
"../../../Engine/Content/MobileResources/HUD/AnalogHat.uasset" 651
"../../../Engine/Content/MobileResources/HUD/AnalogHat.uexp" 652
"../../../Engine/Content/MobileResources/HUD/VirtualJoystick_Thumb.uasset" 653
"../../../Engine/Content/MobileResources/HUD/VirtualJoystick_Thumb.uexp" 654
"../../../Engine/Content/MobileResources/HUD/VirtualJoystick_Background.uasset" 655
"../../../Engine/Content/MobileResources/HUD/VirtualJoystick_Background.uexp" 656
"../../../Engine/Content/MobileResources/HUD/DefaultVirtualJoysticks.uasset" 657
"../../../Engine/Content/MobileResources/HUD/DefaultVirtualJoysticks.uexp" 658
"../../../Engine/Content/MobileResources/HUD/LeftVirtualJoystickOnly.uasset" 659
"../../../Engine/Content/MobileResources/HUD/LeftVirtualJoystickOnly.uexp" 660
"../../../Engine/Content/MobileResources/HUD/MobileHUDButton1_off.uasset" 661
"../../../Engine/Content/MobileResources/HUD/MobileHUDButton1_off.uexp" 662
"../../../Engine/Content/MobileResources/HUD/MobileHUDButton1_on.uasset" 663
"../../../Engine/Content/MobileResources/HUD/MobileHUDButton1_on.uexp" 664
"../../../Engine/Content/MobileResources/HUD/MobileHUDButton2_off.uasset" 665
"../../../Engine/Content/MobileResources/HUD/MobileHUDButton2_off.uexp" 666
"../../../Engine/Content/MobileResources/HUD/MobileHUDButton2_on.uasset" 667
"../../../Engine/Content/MobileResources/HUD/MobileHUDButton2_on.uexp" 668
"../../../Engine/Content/MobileResources/HUD/MobileHUDButton3.uasset" 669
"../../../Engine/Content/MobileResources/HUD/MobileHUDButton3.uexp" 670
"../../../Engine/Content/MobileResources/HUD/MobileHUDButtonFire.uasset" 671
"../../../Engine/Content/MobileResources/HUD/MobileHUDButtonFire.uexp" 672
"../../../Engine/Content/MobileResources/HUD/MobileHUDDirectionPad.uasset" 673
"../../../Engine/Content/MobileResources/HUD/MobileHUDDirectionPad.uexp" 674
"../../../Engine/Content/MobileResources/HUD/MobileHUDDirectionPad2.uasset" 675
"../../../Engine/Content/MobileResources/HUD/MobileHUDDirectionPad2.uexp" 676
"../../../Engine/Content/MobileResources/HUD/MobileHUDDirectionPad3.uasset" 677
"../../../Engine/Content/MobileResources/HUD/MobileHUDDirectionPad3.uexp" 678
"../../../Engine/Content/MobileResources/HUD/MobileHUDDirectionStick.uasset" 679
"../../../Engine/Content/MobileResources/HUD/MobileHUDDirectionStick.uexp" 680
"../../../Engine/Content/MobileResources/HUD/T_Castle_ThumbstickInner.uasset" 681
"../../../Engine/Content/MobileResources/HUD/T_Castle_ThumbstickInner.uexp" 682
"../../../Engine/Content/MobileResources/HUD/T_Castle_ThumbstickOutter.uasset" 683
"../../../Engine/Content/MobileResources/HUD/T_Castle_ThumbstickOutter.uexp" 684
"../../../Engine/Content/Tutorial/ContentIntroCurve.uasset" 685
"../../../Engine/Content/Tutorial/ContentIntroCurve.uexp" 686
"../../../Engine/Content/Tutorial/Basics/TutorialAssets/icon_tab_Levels_40x.uasset" 687
"../../../Engine/Content/Tutorial/Basics/TutorialAssets/icon_tab_Levels_40x.uexp" 688
"../../../Engine/Content/Tutorial/SubEditors/TutorialAssets/TutorialMaterial.uasset" 689
"../../../Engine/Content/Tutorial/SubEditors/TutorialAssets/TutorialMaterial.uexp" 690
"../../../Engine/Content/VREditor/TransformGizmo/TranslucentTransformGizmoMaterial.uasset" 691
"../../../Engine/Content/VREditor/TransformGizmo/TranslucentTransformGizmoMaterial.uexp" 692
"../../../Engine/Content/VREditor/LaserPointer/VR_LaserPower_01.uasset" 693
"../../../Engine/Content/VREditor/LaserPointer/VR_LaserPower_01.uexp" 694
"../../../Engine/Content/VREditor/LaserPointer/VR_LaserPower_01.ubulk" 695
"../../../Engine/Content/VREditor/TransformGizmo/TransformGizmoMaterial.uasset" 696
"../../../Engine/Content/VREditor/TransformGizmo/TransformGizmoMaterial.uexp" 697
"../../../Engine/Content/VREditor/TransformGizmo/BoundingBoxCorner.uasset" 698
"../../../Engine/Content/VREditor/TransformGizmo/BoundingBoxCorner.uexp" 699
"../../../Engine/Content/VREditor/TransformGizmo/BoundingBoxEdge.uasset" 700
"../../../Engine/Content/VREditor/TransformGizmo/BoundingBoxEdge.uexp" 701
"../../../Engine/Content/VREditor/TransformGizmo/PlaneTranslationHandle.uasset" 702
"../../../Engine/Content/VREditor/TransformGizmo/PlaneTranslationHandle.uexp" 703
"../../../Engine/Content/VREditor/TransformGizmo/Xray.uasset" 704
"../../../Engine/Content/VREditor/TransformGizmo/Xray.uexp" 705
"../../../Engine/Content/VREditor/TransformGizmo/Main.uasset" 706
"../../../Engine/Content/VREditor/TransformGizmo/Main.uexp" 707
"../../../Engine/Content/VREditor/TransformGizmo/SM_Sequencer_Key.uasset" 708
"../../../Engine/Content/VREditor/TransformGizmo/SM_Sequencer_Key.uexp" 709
"../../../Engine/Content/VREditor/TransformGizmo/SM_Sequencer_Node.uasset" 710
"../../../Engine/Content/VREditor/TransformGizmo/SM_Sequencer_Node.uexp" 711
"C:/Users/BCCMine/Documents/GitHub/LittleWitchGame/LittleWitchProject/Content/Witch_Textures/witch_colorID_Material_001_Normal.uasset" 712
"C:/Users/BCCMine/Documents/GitHub/LittleWitchGame/LittleWitchProject/Content/Witch_Textures/witch_colorID_Material_001_Normal.uexp" 713
"C:/Users/BCCMine/Documents/GitHub/LittleWitchGame/LittleWitchProject/Content/Witch_Textures/witch_colorID_Material_001_Normal.ubulk" 714
"C:/Users/BCCMine/Documents/GitHub/LittleWitchGame/LittleWitchProject/Content/Witch_Textures/witch_colorID_Material_001_Emissive.uasset" 715
"C:/Users/BCCMine/Documents/GitHub/LittleWitchGame/LittleWitchProject/Content/Witch_Textures/witch_colorID_Material_001_Emissive.uexp" 716
"C:/Users/BCCMine/Documents/GitHub/LittleWitchGame/LittleWitchProject/Content/Witch_Textures/witch_colorID_Material_001_Emissive.ubulk" 717
"C:/Users/BCCMine/Documents/GitHub/LittleWitchGame/LittleWitchProject/Content/Witch_Textures/witch_colorID_Material_001_BaseColor.uasset" 718
"C:/Users/BCCMine/Documents/GitHub/LittleWitchGame/LittleWitchProject/Content/Witch_Textures/witch_colorID_Material_001_BaseColor.uexp" 719
"C:/Users/BCCMine/Documents/GitHub/LittleWitchGame/LittleWitchProject/Content/Witch_Textures/witch_colorID_Material_001_BaseColor.ubulk" 720
"C:/Users/BCCMine/Documents/GitHub/LittleWitchGame/LittleWitchProject/Content/Witch_Textures/witch__colorID_Material_001_OcclusionRoughnessMetallic.uasset" 721
"C:/Users/BCCMine/Documents/GitHub/LittleWitchGame/LittleWitchProject/Content/Witch_Textures/witch__colorID_Material_001_OcclusionRoughnessMetallic.uexp" 722
"C:/Users/BCCMine/Documents/GitHub/LittleWitchGame/LittleWitchProject/Content/Witch_Textures/witch__colorID_Material_001_OcclusionRoughnessMetallic.ubulk" 723
"C:/Users/BCCMine/Documents/GitHub/LittleWitchGame/LittleWitchProject/Content/Materials/M_witch_default.uasset" 724
"C:/Users/BCCMine/Documents/GitHub/LittleWitchGame/LittleWitchProject/Content/Materials/M_witch_default.uexp" 725
"C:/Users/BCCMine/Documents/GitHub/LittleWitchGame/LittleWitchProject/Content/FXVarietyPack/Textures/T_ky_smoke1.uasset" 726
"C:/Users/BCCMine/Documents/GitHub/LittleWitchGame/LittleWitchProject/Content/FXVarietyPack/Textures/T_ky_smoke1.uexp" 727
"C:/Users/BCCMine/Documents/GitHub/LittleWitchGame/LittleWitchProject/Content/FXVarietyPack/Textures/T_ky_smoke1.ubulk" 728
"C:/Users/BCCMine/Documents/GitHub/LittleWitchGame/LittleWitchProject/Content/FXVarietyPack/Textures/T_ky_noise6.uasset" 729
"C:/Users/BCCMine/Documents/GitHub/LittleWitchGame/LittleWitchProject/Content/FXVarietyPack/Textures/T_ky_noise6.uexp" 730
"C:/Users/BCCMine/Documents/GitHub/LittleWitchGame/LittleWitchProject/Content/FXVarietyPack/Textures/T_ky_noise6.ubulk" 731
"../../../Engine/Content/Functions/Engine_MaterialFunctions01/Density/ExponentialDensity.uasset" 732
"../../../Engine/Content/Functions/Engine_MaterialFunctions01/Density/ExponentialDensity.uexp" 733
"../../../Engine/Content/Functions/Engine_MaterialFunctions01/Gradient/RadialGradientExponential.uasset" 734
"../../../Engine/Content/Functions/Engine_MaterialFunctions01/Gradient/RadialGradientExponential.uexp" 735
"C:/Users/BCCMine/Documents/GitHub/LittleWitchGame/LittleWitchProject/Content/FXVarietyPack/Materials/M_ky_smoke01.uasset" 736
"C:/Users/BCCMine/Documents/GitHub/LittleWitchGame/LittleWitchProject/Content/FXVarietyPack/Materials/M_ky_smoke01.uexp" 737
"C:/Users/BCCMine/Documents/GitHub/LittleWitchGame/LittleWitchProject/Content/FXVarietyPack/Materials/MI_ky_smoke01c.uasset" 738
"C:/Users/BCCMine/Documents/GitHub/LittleWitchGame/LittleWitchProject/Content/FXVarietyPack/Materials/MI_ky_smoke01c.uexp" 739
"C:/Users/BCCMine/Documents/GitHub/LittleWitchGame/LittleWitchProject/Content/FXVarietyPack/Particles/P_ky_waterBall.uasset" 740
"C:/Users/BCCMine/Documents/GitHub/LittleWitchGame/LittleWitchProject/Content/FXVarietyPack/Particles/P_ky_waterBall.uexp" 741
"C:/Users/BCCMine/Documents/GitHub/LittleWitchGame/LittleWitchProject/Content/StarterContent/Textures/T_Perlin_Noise_M.uasset" 742
"C:/Users/BCCMine/Documents/GitHub/LittleWitchGame/LittleWitchProject/Content/StarterContent/Textures/T_Perlin_Noise_M.uexp" 743
"C:/Users/BCCMine/Documents/GitHub/LittleWitchGame/LittleWitchProject/Content/StarterContent/Textures/T_Perlin_Noise_M.ubulk" 744
"C:/Users/BCCMine/Documents/GitHub/LittleWitchGame/LittleWitchProject/Content/StarterContent/Textures/T_Water_N.uasset" 745
"C:/Users/BCCMine/Documents/GitHub/LittleWitchGame/LittleWitchProject/Content/StarterContent/Textures/T_Water_N.uexp" 746
"C:/Users/BCCMine/Documents/GitHub/LittleWitchGame/LittleWitchProject/Content/StarterContent/Textures/T_Water_N.ubulk" 747
"C:/Users/BCCMine/Documents/GitHub/LittleWitchGame/LittleWitchProject/Content/StarterContent/Materials/M_Water_Lake.uasset" 748
"C:/Users/BCCMine/Documents/GitHub/LittleWitchGame/LittleWitchProject/Content/StarterContent/Materials/M_Water_Lake.uexp" 749
"C:/Users/BCCMine/Documents/GitHub/LittleWitchGame/LittleWitchProject/Content/StarterContent/Props/MaterialSphere.uasset" 750
"C:/Users/BCCMine/Documents/GitHub/LittleWitchGame/LittleWitchProject/Content/StarterContent/Props/MaterialSphere.uexp" 751
"../../../Engine/Content/EditorBlueprintResources/StandardMacros.uasset" 752
"../../../Engine/Content/EditorBlueprintResources/StandardMacros.uexp" 753
"../../../Engine/Content/EditorBlueprintResources/ActorMacros.uasset" 754
"../../../Engine/Content/EditorBlueprintResources/ActorMacros.uexp" 755
"C:/Users/BCCMine/Documents/GitHub/LittleWitchGame/LittleWitchProject/Content/Blueprints/BP_WaterBall.uasset" 756
"C:/Users/BCCMine/Documents/GitHub/LittleWitchGame/LittleWitchProject/Content/Blueprints/BP_WaterBall.uexp" 757
"C:/Users/BCCMine/Documents/GitHub/LittleWitchGame/LittleWitchProject/Content/FXVarietyPack/Textures/T_ky_flare_a.uasset" 758
"C:/Users/BCCMine/Documents/GitHub/LittleWitchGame/LittleWitchProject/Content/FXVarietyPack/Textures/T_ky_flare_a.uexp" 759
"C:/Users/BCCMine/Documents/GitHub/LittleWitchGame/LittleWitchProject/Content/FXVarietyPack/Textures/T_ky_flare_a.ubulk" 760
"C:/Users/BCCMine/Documents/GitHub/LittleWitchGame/LittleWitchProject/Content/FXVarietyPack/Materials/M_ky_flare_flash.uasset" 761
"C:/Users/BCCMine/Documents/GitHub/LittleWitchGame/LittleWitchProject/Content/FXVarietyPack/Materials/M_ky_flare_flash.uexp" 762
"C:/Users/BCCMine/Documents/GitHub/LittleWitchGame/LittleWitchProject/Content/FXVarietyPack/Materials/MI_ky_flare_flash_trs.uasset" 763
"C:/Users/BCCMine/Documents/GitHub/LittleWitchGame/LittleWitchProject/Content/FXVarietyPack/Materials/MI_ky_flare_flash_trs.uexp" 764
"C:/Users/BCCMine/Documents/GitHub/LittleWitchGame/LittleWitchProject/Content/FXVarietyPack/Particles/P_ky_fireBall.uasset" 765
"C:/Users/BCCMine/Documents/GitHub/LittleWitchGame/LittleWitchProject/Content/FXVarietyPack/Particles/P_ky_fireBall.uexp" 766
"../../../Engine/Content/Functions/Engine_MaterialFunctions01/Gradient/LinearGradient.uasset" 767
"../../../Engine/Content/Functions/Engine_MaterialFunctions01/Gradient/LinearGradient.uexp" 768
"C:/Users/BCCMine/Documents/GitHub/LittleWitchGame/LittleWitchProject/Content/FXVarietyPack/Materials/Mfunction/MF_ky_MaskToTopUnder.uasset" 769
"C:/Users/BCCMine/Documents/GitHub/LittleWitchGame/LittleWitchProject/Content/FXVarietyPack/Materials/Mfunction/MF_ky_MaskToTopUnder.uexp" 770
"C:/Users/BCCMine/Documents/GitHub/LittleWitchGame/LittleWitchProject/Content/FXVarietyPack/Textures/T_ky_maskRGB3.uasset" 771
"C:/Users/BCCMine/Documents/GitHub/LittleWitchGame/LittleWitchProject/Content/FXVarietyPack/Textures/T_ky_maskRGB3.uexp" 772
"C:/Users/BCCMine/Documents/GitHub/LittleWitchGame/LittleWitchProject/Content/FXVarietyPack/Textures/T_ky_maskRGB3.ubulk" 773
"../../../Engine/Content/EngineResources/DefaultTexture.uasset" 774
"../../../Engine/Content/EngineResources/DefaultTexture.uexp" 775
"../../../Engine/Content/EngineResources/DefaultTexture.ubulk" 776
"C:/Users/BCCMine/Documents/GitHub/LittleWitchGame/LittleWitchProject/Content/FXVarietyPack/Materials/Mfunction/MF_ky_AddHilight.uasset" 777
"C:/Users/BCCMine/Documents/GitHub/LittleWitchGame/LittleWitchProject/Content/FXVarietyPack/Materials/Mfunction/MF_ky_AddHilight.uexp" 778
"C:/Users/BCCMine/Documents/GitHub/LittleWitchGame/LittleWitchProject/Content/FXVarietyPack/Textures/T_ky_noise5.uasset" 779
"C:/Users/BCCMine/Documents/GitHub/LittleWitchGame/LittleWitchProject/Content/FXVarietyPack/Textures/T_ky_noise5.uexp" 780
"C:/Users/BCCMine/Documents/GitHub/LittleWitchGame/LittleWitchProject/Content/FXVarietyPack/Textures/T_ky_noise5.ubulk" 781
"C:/Users/BCCMine/Documents/GitHub/LittleWitchGame/LittleWitchProject/Content/FXVarietyPack/Materials/Mfunction/MF_ky_TexController_primitive.uasset" 782
"C:/Users/BCCMine/Documents/GitHub/LittleWitchGame/LittleWitchProject/Content/FXVarietyPack/Materials/Mfunction/MF_ky_TexController_primitive.uexp" 783
"C:/Users/BCCMine/Documents/GitHub/LittleWitchGame/LittleWitchProject/Content/FXVarietyPack/Materials/Mfunction/MF_ky_TexController.uasset" 784
"C:/Users/BCCMine/Documents/GitHub/LittleWitchGame/LittleWitchProject/Content/FXVarietyPack/Materials/Mfunction/MF_ky_TexController.uexp" 785
"C:/Users/BCCMine/Documents/GitHub/LittleWitchGame/LittleWitchProject/Content/FXVarietyPack/Textures/T_ky_noise17.uasset" 786
"C:/Users/BCCMine/Documents/GitHub/LittleWitchGame/LittleWitchProject/Content/FXVarietyPack/Textures/T_ky_noise17.uexp" 787
"C:/Users/BCCMine/Documents/GitHub/LittleWitchGame/LittleWitchProject/Content/FXVarietyPack/Textures/T_ky_noise17.ubulk" 788
"../../../Engine/Content/Functions/Engine_MaterialFunctions03/Texturing/TwoSidedTexturing.uasset" 789
"../../../Engine/Content/Functions/Engine_MaterialFunctions03/Texturing/TwoSidedTexturing.uexp" 790
"C:/Users/BCCMine/Documents/GitHub/LittleWitchGame/LittleWitchProject/Content/FXVarietyPack/Materials/M_ky_storm01.uasset" 791
"C:/Users/BCCMine/Documents/GitHub/LittleWitchGame/LittleWitchProject/Content/FXVarietyPack/Materials/M_ky_storm01.uexp" 792
"C:/Users/BCCMine/Documents/GitHub/LittleWitchGame/LittleWitchProject/Content/FXVarietyPack/Materials/MI_ky_storm01_fire_nonD1.uasset" 793
"C:/Users/BCCMine/Documents/GitHub/LittleWitchGame/LittleWitchProject/Content/FXVarietyPack/Materials/MI_ky_storm01_fire_nonD1.uexp" 794
"C:/Users/BCCMine/Documents/GitHub/LittleWitchGame/LittleWitchProject/Content/Blueprints/BP_Fireball.uasset" 795
"C:/Users/BCCMine/Documents/GitHub/LittleWitchGame/LittleWitchProject/Content/Blueprints/BP_Fireball.uexp" 796
"C:/Users/BCCMine/Documents/GitHub/LittleWitchGame/LittleWitchProject/Content/Animations/test3_Skeleton.uasset" 797
"C:/Users/BCCMine/Documents/GitHub/LittleWitchGame/LittleWitchProject/Content/Animations/test3_Skeleton.uexp" 798
"../../../Engine/Content/Animation/DefaultAnimCurveCompressionSettings.uasset" 799
"../../../Engine/Content/Animation/DefaultAnimCurveCompressionSettings.uexp" 800
"../../../Engine/Content/Animation/DefaultAnimBoneCompressionSettings.uasset" 801
"../../../Engine/Content/Animation/DefaultAnimBoneCompressionSettings.uexp" 802
"C:/Users/BCCMine/Documents/GitHub/LittleWitchGame/LittleWitchProject/Content/Animations/test3_Anim.uasset" 803
"C:/Users/BCCMine/Documents/GitHub/LittleWitchGame/LittleWitchProject/Content/Animations/test3_Anim.uexp" 804
"C:/Users/BCCMine/Documents/GitHub/LittleWitchGame/LittleWitchProject/Content/Animations/test3_PhysicsAsset.uasset" 805
"C:/Users/BCCMine/Documents/GitHub/LittleWitchGame/LittleWitchProject/Content/Animations/test3_PhysicsAsset.uexp" 806
"C:/Users/BCCMine/Documents/GitHub/LittleWitchGame/LittleWitchProject/Content/Animations/Material_002.uasset" 807
"C:/Users/BCCMine/Documents/GitHub/LittleWitchGame/LittleWitchProject/Content/Animations/Material_002.uexp" 808
"C:/Users/BCCMine/Documents/GitHub/LittleWitchGame/LittleWitchProject/Content/Animations/Material_001.uasset" 809
"C:/Users/BCCMine/Documents/GitHub/LittleWitchGame/LittleWitchProject/Content/Animations/Material_001.uexp" 810
"C:/Users/BCCMine/Documents/GitHub/LittleWitchGame/LittleWitchProject/Content/Animations/test3.uasset" 811
"C:/Users/BCCMine/Documents/GitHub/LittleWitchGame/LittleWitchProject/Content/Animations/test3.uexp" 812
"C:/Users/BCCMine/Documents/GitHub/LittleWitchGame/LittleWitchProject/Content/SideScrollerBP/Blueprints/SideScrollerCharacter.uasset" 813
"C:/Users/BCCMine/Documents/GitHub/LittleWitchGame/LittleWitchProject/Content/SideScrollerBP/Blueprints/SideScrollerCharacter.uexp" 814
"C:/Users/BCCMine/Documents/GitHub/LittleWitchGame/LittleWitchProject/Content/SideScrollerBP/Blueprints/SideScrollerGameMode.uasset" 815
"C:/Users/BCCMine/Documents/GitHub/LittleWitchGame/LittleWitchProject/Content/SideScrollerBP/Blueprints/SideScrollerGameMode.uexp" 816
"../../../Engine/Plugins/2D/Paper2D/Content/PlaceholderTextures/DummySpriteTexture.uasset" 817
"../../../Engine/Plugins/2D/Paper2D/Content/PlaceholderTextures/DummySpriteTexture.uexp" 818
"../../../Engine/Plugins/2D/Paper2D/Content/PlaceholderTextures/DummySpriteTexture.ubulk" 819
"../../../Engine/Plugins/2D/Paper2D/Content/DummySprite.uasset" 820
"../../../Engine/Plugins/2D/Paper2D/Content/DummySprite.uexp" 821
"../../../Engine/Plugins/2D/Paper2D/Content/DefaultPaperTerrainMaterial.uasset" 822
"../../../Engine/Plugins/2D/Paper2D/Content/DefaultPaperTerrainMaterial.uexp" 823
"../../../Engine/Plugins/2D/Paper2D/Content/DefaultSpriteMaterial.uasset" 824
"../../../Engine/Plugins/2D/Paper2D/Content/DefaultSpriteMaterial.uexp" 825
"../../../Engine/Plugins/2D/Paper2D/Content/MaskedUnlitSpriteMaterial.uasset" 826
"../../../Engine/Plugins/2D/Paper2D/Content/MaskedUnlitSpriteMaterial.uexp" 827
"../../../Engine/Plugins/2D/Paper2D/Content/OpaqueUnlitSpriteMaterial.uasset" 828
"../../../Engine/Plugins/2D/Paper2D/Content/OpaqueUnlitSpriteMaterial.uexp" 829
"../../../Engine/Plugins/Editor/SpeedTreeImporter/Content/SpeedTree9/UnpackInteger3.uasset" 830
"../../../Engine/Plugins/Editor/SpeedTreeImporter/Content/SpeedTree9/UnpackInteger3.uexp" 831
"../../../Engine/Plugins/Editor/SpeedTreeImporter/Content/SpeedTree9/UnpackDirection.uasset" 832
"../../../Engine/Plugins/Editor/SpeedTreeImporter/Content/SpeedTree9/UnpackDirection.uexp" 833
"../../../Engine/Plugins/Editor/SpeedTreeImporter/Content/SpeedTree9/game_wind_noise.uasset" 834
"../../../Engine/Plugins/Editor/SpeedTreeImporter/Content/SpeedTree9/game_wind_noise.uexp" 835
"../../../Engine/Plugins/Editor/SpeedTreeImporter/Content/SpeedTree9/game_wind_noise.ubulk" 836
"../../../Engine/Content/Functions/Engine_MaterialFunctions02/SafeNormalize.uasset" 837
"../../../Engine/Content/Functions/Engine_MaterialFunctions02/SafeNormalize.uexp" 838
"../../../Engine/Plugins/Editor/SpeedTreeImporter/Content/SpeedTree9/SpeedTreeWindMotion.uasset" 839
"../../../Engine/Plugins/Editor/SpeedTreeImporter/Content/SpeedTree9/SpeedTreeWindMotion.uexp" 840
"../../../Engine/Plugins/Editor/SpeedTreeImporter/Content/SpeedTree9/SpeedTreeBranchMotion.uasset" 841
"../../../Engine/Plugins/Editor/SpeedTreeImporter/Content/SpeedTree9/SpeedTreeBranchMotion.uexp" 842
"../../../Engine/Content/Functions/Engine_MaterialFunctions02/ObjectLocalBounds.uasset" 843
"../../../Engine/Content/Functions/Engine_MaterialFunctions02/ObjectLocalBounds.uexp" 844
"../../../Engine/Content/Functions/Engine_MaterialFunctions02/UVs/BoundingBoxBased_0-1_UVW.uasset" 845
"../../../Engine/Content/Functions/Engine_MaterialFunctions02/UVs/BoundingBoxBased_0-1_UVW.uexp" 846
"../../../Engine/Content/Functions/Engine_MaterialFunctions02/WorldPositionOffset/ObjectScale.uasset" 847
"../../../Engine/Content/Functions/Engine_MaterialFunctions02/WorldPositionOffset/ObjectScale.uexp" 848
"../../../Engine/Plugins/Editor/SpeedTreeImporter/Content/SpeedTree9/SpeedTreeWind.uasset" 849
"../../../Engine/Plugins/Editor/SpeedTreeImporter/Content/SpeedTree9/SpeedTreeWind.uexp" 850
"../../../Engine/Plugins/Editor/SpeedTreeImporter/Content/SpeedTree9/SpeedTreeBillboard.uasset" 851
"../../../Engine/Plugins/Editor/SpeedTreeImporter/Content/SpeedTree9/SpeedTreeBillboard.uexp" 852
"../../../Engine/Plugins/Editor/SpeedTreeImporter/Content/SpeedTree9/EmptyNormal.uasset" 853
"../../../Engine/Plugins/Editor/SpeedTreeImporter/Content/SpeedTree9/EmptyNormal.uexp" 854
"../../../Engine/Plugins/Editor/SpeedTreeImporter/Content/SpeedTree9/Empty.uasset" 855
"../../../Engine/Plugins/Editor/SpeedTreeImporter/Content/SpeedTree9/Empty.uexp" 856
"../../../Engine/Plugins/Editor/SpeedTreeImporter/Content/SpeedTree9/SpeedTreeBillboardMaster.uasset" 857
"../../../Engine/Plugins/Editor/SpeedTreeImporter/Content/SpeedTree9/SpeedTreeBillboardMaster.uexp" 858
"../../../Engine/Plugins/Editor/SpeedTreeImporter/Content/SpeedTree9/SpeedTreeCameraFacing.uasset" 859
"../../../Engine/Plugins/Editor/SpeedTreeImporter/Content/SpeedTree9/SpeedTreeCameraFacing.uexp" 860
"../../../Engine/Plugins/Editor/SpeedTreeImporter/Content/SpeedTree9/SpeedTreeMaster.uasset" 861
"../../../Engine/Plugins/Editor/SpeedTreeImporter/Content/SpeedTree9/SpeedTreeMaster.uexp" 862
"../../../Engine/Plugins/FX/Niagara/Content/Enums/ENiagaraRandomnessMode.uasset" 863
"../../../Engine/Plugins/FX/Niagara/Content/Enums/ENiagaraRandomnessMode.uexp" 864
"../../../Engine/Plugins/FX/Niagara/Content/Icons/S_ParticleSystem.uasset" 865
"../../../Engine/Plugins/FX/Niagara/Content/Icons/S_ParticleSystem.uexp" 866
"../../../Engine/Plugins/FX/Niagara/Content/Icons/S_ParticleSystem.ubulk" 867
"../../../Engine/Content/BasicShapes/Cylinder.uasset" 868
"../../../Engine/Content/BasicShapes/Cylinder.uexp" 869
"../../../Engine/Content/ArtTools/RenderToTexture/Materials/Debug/M_Emissive_Color.uasset" 870
"../../../Engine/Content/ArtTools/RenderToTexture/Materials/Debug/M_Emissive_Color.uexp" 871
"../../../Engine/Plugins/Lumin/MagicLeapPassableWorld/Content/MagicLeapARPinInfoActor.uasset" 872
"../../../Engine/Plugins/Lumin/MagicLeapPassableWorld/Content/MagicLeapARPinInfoActor.uexp" 873
"../../../Engine/Plugins/Runtime/OpenXR/Content/Devices/GoogleDaydream/MRTexture.uasset" 874
"../../../Engine/Plugins/Runtime/OpenXR/Content/Devices/GoogleDaydream/MRTexture.uexp" 875
"../../../Engine/Plugins/Runtime/OpenXR/Content/Devices/GoogleDaydream/MRTexture.ubulk" 876
"../../../Engine/Plugins/Runtime/OpenXR/Content/Devices/GoogleDaydream/BaseTexture.uasset" 877
"../../../Engine/Plugins/Runtime/OpenXR/Content/Devices/GoogleDaydream/BaseTexture.uexp" 878
"../../../Engine/Plugins/Runtime/OpenXR/Content/Devices/GoogleDaydream/BaseTexture.ubulk" 879
"../../../Engine/Content/EngineResources/Black.uasset" 880
"../../../Engine/Content/EngineResources/Black.uexp" 881
"../../../Engine/Plugins/Runtime/OpenXR/Content/Devices/M_XRController.uasset" 882
"../../../Engine/Plugins/Runtime/OpenXR/Content/Devices/M_XRController.uexp" 883
"../../../Engine/Plugins/Runtime/OpenXR/Content/Devices/GoogleDaydream/MI_GoogleDaydream.uasset" 884
"../../../Engine/Plugins/Runtime/OpenXR/Content/Devices/GoogleDaydream/MI_GoogleDaydream.uexp" 885
"../../../Engine/Plugins/Runtime/OpenXR/Content/Devices/GoogleDaydream/GoogleDaydreamController.uasset" 886
"../../../Engine/Plugins/Runtime/OpenXR/Content/Devices/GoogleDaydream/GoogleDaydreamController.uexp" 887
"../../../Engine/Plugins/Runtime/OpenXR/Content/Devices/HTCVive/BaseTexture.uasset" 888
"../../../Engine/Plugins/Runtime/OpenXR/Content/Devices/HTCVive/BaseTexture.uexp" 889
"../../../Engine/Plugins/Runtime/OpenXR/Content/Devices/HTCVive/BaseTexture.ubulk" 890
"../../../Engine/Plugins/Runtime/OpenXR/Content/Devices/HTCVive/MI_HTCVive.uasset" 891
"../../../Engine/Plugins/Runtime/OpenXR/Content/Devices/HTCVive/MI_HTCVive.uexp" 892
"../../../Engine/Plugins/Runtime/OpenXR/Content/Devices/HTCVive/HTCViveController.uasset" 893
"../../../Engine/Plugins/Runtime/OpenXR/Content/Devices/HTCVive/HTCViveController.uexp" 894
"../../../Engine/Plugins/Runtime/OpenXR/Content/Devices/MicrosoftMixedReality/NormalTexture.uasset" 895
"../../../Engine/Plugins/Runtime/OpenXR/Content/Devices/MicrosoftMixedReality/NormalTexture.uexp" 896
"../../../Engine/Plugins/Runtime/OpenXR/Content/Devices/MicrosoftMixedReality/NormalTexture.ubulk" 897
"../../../Engine/Plugins/Runtime/OpenXR/Content/Devices/MicrosoftMixedReality/MRTexture.uasset" 898
"../../../Engine/Plugins/Runtime/OpenXR/Content/Devices/MicrosoftMixedReality/MRTexture.uexp" 899
"../../../Engine/Plugins/Runtime/OpenXR/Content/Devices/MicrosoftMixedReality/MRTexture.ubulk" 900
"../../../Engine/Plugins/Runtime/OpenXR/Content/Devices/MicrosoftMixedReality/EmissiveTexture.uasset" 901
"../../../Engine/Plugins/Runtime/OpenXR/Content/Devices/MicrosoftMixedReality/EmissiveTexture.uexp" 902
"../../../Engine/Plugins/Runtime/OpenXR/Content/Devices/MicrosoftMixedReality/EmissiveTexture.ubulk" 903
"../../../Engine/Plugins/Runtime/OpenXR/Content/Devices/MicrosoftMixedReality/BaseTexture.uasset" 904
"../../../Engine/Plugins/Runtime/OpenXR/Content/Devices/MicrosoftMixedReality/BaseTexture.uexp" 905
"../../../Engine/Plugins/Runtime/OpenXR/Content/Devices/MicrosoftMixedReality/BaseTexture.ubulk" 906
"../../../Engine/Plugins/Runtime/OpenXR/Content/Devices/MicrosoftMixedReality/MI_MicrosoftMixedReality.uasset" 907
"../../../Engine/Plugins/Runtime/OpenXR/Content/Devices/MicrosoftMixedReality/MI_MicrosoftMixedReality.uexp" 908
"../../../Engine/Plugins/Runtime/OpenXR/Content/Devices/MicrosoftMixedReality/Left/left_MicrosoftMixedRealityController.uasset" 909
"../../../Engine/Plugins/Runtime/OpenXR/Content/Devices/MicrosoftMixedReality/Left/left_MicrosoftMixedRealityController.uexp" 910
"../../../Engine/Plugins/Runtime/OpenXR/Content/Devices/MicrosoftMixedReality/Right/right_MicrosoftMixedRealityController.uasset" 911
"../../../Engine/Plugins/Runtime/OpenXR/Content/Devices/MicrosoftMixedReality/Right/right_MicrosoftMixedRealityController.uexp" 912
"../../../Engine/Plugins/Runtime/OpenXR/Content/Devices/OculusGo/BaseTexture.uasset" 913
"../../../Engine/Plugins/Runtime/OpenXR/Content/Devices/OculusGo/BaseTexture.uexp" 914
"../../../Engine/Plugins/Runtime/OpenXR/Content/Devices/OculusGo/BaseTexture.ubulk" 915
"../../../Engine/Plugins/Runtime/OpenXR/Content/Devices/OculusGo/MI_OculusGo.uasset" 916
"../../../Engine/Plugins/Runtime/OpenXR/Content/Devices/OculusGo/MI_OculusGo.uexp" 917
"../../../Engine/Plugins/Runtime/OpenXR/Content/Devices/OculusGo/OculusGoController.uasset" 918
"../../../Engine/Plugins/Runtime/OpenXR/Content/Devices/OculusGo/OculusGoController.uexp" 919
"../../../Engine/Plugins/Runtime/OpenXR/Content/Devices/OculusTouch/MRTexture.uasset" 920
"../../../Engine/Plugins/Runtime/OpenXR/Content/Devices/OculusTouch/MRTexture.uexp" 921
"../../../Engine/Plugins/Runtime/OpenXR/Content/Devices/OculusTouch/MRTexture.ubulk" 922
"../../../Engine/Plugins/Runtime/OpenXR/Content/Devices/OculusTouch/BaseTexture.uasset" 923
"../../../Engine/Plugins/Runtime/OpenXR/Content/Devices/OculusTouch/BaseTexture.uexp" 924
"../../../Engine/Plugins/Runtime/OpenXR/Content/Devices/OculusTouch/BaseTexture.ubulk" 925
"../../../Engine/Plugins/Runtime/OpenXR/Content/Devices/OculusTouch/MI_OculusTouch.uasset" 926
"../../../Engine/Plugins/Runtime/OpenXR/Content/Devices/OculusTouch/MI_OculusTouch.uexp" 927
"../../../Engine/Plugins/Runtime/OpenXR/Content/Devices/OculusTouch/Left/left_OculusTouchController.uasset" 928
"../../../Engine/Plugins/Runtime/OpenXR/Content/Devices/OculusTouch/Left/left_OculusTouchController.uexp" 929
"../../../Engine/Plugins/Runtime/OpenXR/Content/Devices/OculusTouch/Right/right_OculusTouchController.uasset" 930
"../../../Engine/Plugins/Runtime/OpenXR/Content/Devices/OculusTouch/Right/right_OculusTouchController.uexp" 931
"../../../Engine/Plugins/Runtime/OpenXR/Content/Devices/OculusTouch_v2/MRTexture.uasset" 932
"../../../Engine/Plugins/Runtime/OpenXR/Content/Devices/OculusTouch_v2/MRTexture.uexp" 933
"../../../Engine/Plugins/Runtime/OpenXR/Content/Devices/OculusTouch_v2/MRTexture.ubulk" 934
"../../../Engine/Plugins/Runtime/OpenXR/Content/Devices/OculusTouch_v2/BaseTexture.uasset" 935
"../../../Engine/Plugins/Runtime/OpenXR/Content/Devices/OculusTouch_v2/BaseTexture.uexp" 936
"../../../Engine/Plugins/Runtime/OpenXR/Content/Devices/OculusTouch_v2/BaseTexture.ubulk" 937
"../../../Engine/Plugins/Runtime/OpenXR/Content/Devices/OculusTouch_v2/MI_OculusTouch_v2.uasset" 938
"../../../Engine/Plugins/Runtime/OpenXR/Content/Devices/OculusTouch_v2/MI_OculusTouch_v2.uexp" 939
"../../../Engine/Plugins/Runtime/OpenXR/Content/Devices/OculusTouch_v2/Left/left_OculusTouch_v2Controller.uasset" 940
"../../../Engine/Plugins/Runtime/OpenXR/Content/Devices/OculusTouch_v2/Left/left_OculusTouch_v2Controller.uexp" 941
"../../../Engine/Plugins/Runtime/OpenXR/Content/Devices/OculusTouch_v2/Right/right_OculusTouch_v2Controller.uasset" 942
"../../../Engine/Plugins/Runtime/OpenXR/Content/Devices/OculusTouch_v2/Right/right_OculusTouch_v2Controller.uexp" 943
"../../../Engine/Plugins/Runtime/OpenXR/Content/Devices/OculusTouch_v3/MRTexture.uasset" 944
"../../../Engine/Plugins/Runtime/OpenXR/Content/Devices/OculusTouch_v3/MRTexture.uexp" 945
"../../../Engine/Plugins/Runtime/OpenXR/Content/Devices/OculusTouch_v3/MRTexture.ubulk" 946
"../../../Engine/Plugins/Runtime/OpenXR/Content/Devices/OculusTouch_v3/BaseTexture.uasset" 947
"../../../Engine/Plugins/Runtime/OpenXR/Content/Devices/OculusTouch_v3/BaseTexture.uexp" 948
"../../../Engine/Plugins/Runtime/OpenXR/Content/Devices/OculusTouch_v3/BaseTexture.ubulk" 949
"../../../Engine/Plugins/Runtime/OpenXR/Content/Devices/OculusTouch_v3/MI_OculusTouch_v3.uasset" 950
"../../../Engine/Plugins/Runtime/OpenXR/Content/Devices/OculusTouch_v3/MI_OculusTouch_v3.uexp" 951
"../../../Engine/Plugins/Runtime/OpenXR/Content/Devices/OculusTouch_v3/Left/left_OculusTouch_v3Controller.uasset" 952
"../../../Engine/Plugins/Runtime/OpenXR/Content/Devices/OculusTouch_v3/Left/left_OculusTouch_v3Controller.uexp" 953
"../../../Engine/Plugins/Runtime/OpenXR/Content/Devices/OculusTouch_v3/Right/right_OculusTouch_v3Controller.uasset" 954
"../../../Engine/Plugins/Runtime/OpenXR/Content/Devices/OculusTouch_v3/Right/right_OculusTouch_v3Controller.uexp" 955
"../../../Engine/Plugins/Runtime/OpenXR/Content/Devices/ValveIndex/MRTexture.uasset" 956
"../../../Engine/Plugins/Runtime/OpenXR/Content/Devices/ValveIndex/MRTexture.uexp" 957
"../../../Engine/Plugins/Runtime/OpenXR/Content/Devices/ValveIndex/MRTexture.ubulk" 958
"../../../Engine/Plugins/Runtime/OpenXR/Content/Devices/ValveIndex/BaseTexture.uasset" 959
"../../../Engine/Plugins/Runtime/OpenXR/Content/Devices/ValveIndex/BaseTexture.uexp" 960
"../../../Engine/Plugins/Runtime/OpenXR/Content/Devices/ValveIndex/BaseTexture.ubulk" 961
"../../../Engine/Plugins/Runtime/OpenXR/Content/Devices/ValveIndex/Left/MI_left_ValveIndex.uasset" 962
"../../../Engine/Plugins/Runtime/OpenXR/Content/Devices/ValveIndex/Left/MI_left_ValveIndex.uexp" 963
"../../../Engine/Plugins/Runtime/OpenXR/Content/Devices/ValveIndex/Left/left_ValveIndexController.uasset" 964
"../../../Engine/Plugins/Runtime/OpenXR/Content/Devices/ValveIndex/Left/left_ValveIndexController.uexp" 965
"../../../Engine/Plugins/Runtime/OpenXR/Content/Devices/ValveIndex/Right/MI_right_ValveIndex.uasset" 966
"../../../Engine/Plugins/Runtime/OpenXR/Content/Devices/ValveIndex/Right/MI_right_ValveIndex.uexp" 967
"../../../Engine/Plugins/Runtime/OpenXR/Content/Devices/ValveIndex/Right/right_ValveIndexController.uasset" 968
"../../../Engine/Plugins/Runtime/OpenXR/Content/Devices/ValveIndex/Right/right_ValveIndexController.uexp" 969
"../../../Engine/Content/Functions/Engine_MaterialFunctions02/Utility/BreakOutFloat4Components.uasset" 970
"../../../Engine/Content/Functions/Engine_MaterialFunctions02/Utility/BreakOutFloat4Components.uexp" 971
"../../../Engine/Plugins/Runtime/Oculus/OculusVR/Content/Materials/OculusMR_ChromaKey.uasset" 972
"../../../Engine/Plugins/Runtime/Oculus/OculusVR/Content/Materials/OculusMR_ChromaKey.uexp" 973
"../../../Engine/Plugins/Runtime/Oculus/OculusVR/Content/Materials/OculusMR_OpaqueColoredMaterial.uasset" 974
"../../../Engine/Plugins/Runtime/Oculus/OculusVR/Content/Materials/OculusMR_OpaqueColoredMaterial.uexp" 975
"../../../Engine/Plugins/Runtime/Oculus/OculusVR/Content/Materials/PokeAHoleMaterial.uasset" 976
"../../../Engine/Plugins/Runtime/Oculus/OculusVR/Content/Materials/PokeAHoleMaterial.uexp" 977
"../../../Engine/Plugins/Runtime/Oculus/OculusVR/Content/Textures/touchController_controlmap.uasset" 978
"../../../Engine/Plugins/Runtime/Oculus/OculusVR/Content/Textures/touchController_controlmap.uexp" 979
"../../../Engine/Plugins/Runtime/Oculus/OculusVR/Content/Textures/touchController_controlmap.ubulk" 980
"../../../Engine/Plugins/Runtime/Oculus/OculusVR/Content/Textures/touchController_albedo.uasset" 981
"../../../Engine/Plugins/Runtime/Oculus/OculusVR/Content/Textures/touchController_albedo.uexp" 982
"../../../Engine/Plugins/Runtime/Oculus/OculusVR/Content/Textures/touchController_albedo.ubulk" 983
"../../../Engine/Plugins/Runtime/Oculus/OculusVR/Content/Materials/touchController_mat.uasset" 984
"../../../Engine/Plugins/Runtime/Oculus/OculusVR/Content/Materials/touchController_mat.uexp" 985
"../../../Engine/Plugins/Runtime/Oculus/OculusVR/Content/Meshes/LeftTouchController.uasset" 986
"../../../Engine/Plugins/Runtime/Oculus/OculusVR/Content/Meshes/LeftTouchController.uexp" 987
"../../../Engine/Plugins/Runtime/Oculus/OculusVR/Content/Textures/TouchForQuestRiftSController_albedo.uasset" 988
"../../../Engine/Plugins/Runtime/Oculus/OculusVR/Content/Textures/TouchForQuestRiftSController_albedo.uexp" 989
"../../../Engine/Plugins/Runtime/Oculus/OculusVR/Content/Textures/TouchForQuestRiftSController_albedo.ubulk" 990
"../../../Engine/Plugins/Runtime/Oculus/OculusVR/Content/Materials/TouchForQuestRiftSControllerMaterial.uasset" 991
"../../../Engine/Plugins/Runtime/Oculus/OculusVR/Content/Materials/TouchForQuestRiftSControllerMaterial.uexp" 992
"../../../Engine/Plugins/Runtime/Oculus/OculusVR/Content/Meshes/LeftTouchForQuestRiftSController.uasset" 993
"../../../Engine/Plugins/Runtime/Oculus/OculusVR/Content/Meshes/LeftTouchForQuestRiftSController.uexp" 994
"../../../Engine/Plugins/Runtime/Oculus/OculusVR/Content/Meshes/RiftHMD.uasset" 995
"../../../Engine/Plugins/Runtime/Oculus/OculusVR/Content/Meshes/RiftHMD.uexp" 996
"../../../Engine/Plugins/Runtime/Oculus/OculusVR/Content/Meshes/RightTouchController.uasset" 997
"../../../Engine/Plugins/Runtime/Oculus/OculusVR/Content/Meshes/RightTouchController.uexp" 998
"../../../Engine/Plugins/Runtime/Oculus/OculusVR/Content/Meshes/RightTouchForQuestRiftSController.uasset" 999
"../../../Engine/Plugins/Runtime/Oculus/OculusVR/Content/Meshes/RightTouchForQuestRiftSController.uexp" 1000
"../../../Engine/Content/Maps/Entry_BuiltData.uasset" 1001
"../../../Engine/Content/Maps/Entry_BuiltData.uexp" 1002
"../../../Engine/Content/Maps/Entry.uexp" 1003
"../../../Engine/Content/Maps/Entry.umap" 1004
"C:/Users/BCCMine/Documents/GitHub/LittleWitchGame/LittleWitchProject/Content/Object_Models/lantern.uasset" 1005
"C:/Users/BCCMine/Documents/GitHub/LittleWitchGame/LittleWitchProject/Content/Object_Models/lantern.uexp" 1006
"C:/Users/BCCMine/Documents/GitHub/LittleWitchGame/LittleWitchProject/Content/Object_Models/desk.uasset" 1007
"C:/Users/BCCMine/Documents/GitHub/LittleWitchGame/LittleWitchProject/Content/Object_Models/desk.uexp" 1008
"C:/Users/BCCMine/Documents/GitHub/LittleWitchGame/LittleWitchProject/Content/Object_Models/bookshelf.uasset" 1009
"C:/Users/BCCMine/Documents/GitHub/LittleWitchGame/LittleWitchProject/Content/Object_Models/bookshelf.uexp" 1010
"C:/Users/BCCMine/Documents/GitHub/LittleWitchGame/LittleWitchProject/Content/Materials/WaterMaterial.uasset" 1011
"C:/Users/BCCMine/Documents/GitHub/LittleWitchGame/LittleWitchProject/Content/Materials/WaterMaterial.uexp" 1012
"C:/Users/BCCMine/Documents/GitHub/LittleWitchGame/LittleWitchProject/Content/Geometry/Meshes/CubeMaterial.uasset" 1013
"C:/Users/BCCMine/Documents/GitHub/LittleWitchGame/LittleWitchProject/Content/Geometry/Meshes/CubeMaterial.uexp" 1014
"C:/Users/BCCMine/Documents/GitHub/LittleWitchGame/LittleWitchProject/Content/Geometry/Meshes/TemplateFloor.uasset" 1015
"C:/Users/BCCMine/Documents/GitHub/LittleWitchGame/LittleWitchProject/Content/Geometry/Meshes/TemplateFloor.uexp" 1016
"C:/Users/BCCMine/Documents/GitHub/LittleWitchGame/LittleWitchProject/Content/Data/Enum_Directions.uasset" 1017
"C:/Users/BCCMine/Documents/GitHub/LittleWitchGame/LittleWitchProject/Content/Data/Enum_Directions.uexp" 1018
"C:/Users/BCCMine/Documents/GitHub/LittleWitchGame/LittleWitchProject/Content/Object_Models/book.uasset" 1019
"C:/Users/BCCMine/Documents/GitHub/LittleWitchGame/LittleWitchProject/Content/Object_Models/book.uexp" 1020
"C:/Users/BCCMine/Documents/GitHub/LittleWitchGame/LittleWitchProject/Content/Blueprints/BP_Platform.uasset" 1021
"C:/Users/BCCMine/Documents/GitHub/LittleWitchGame/LittleWitchProject/Content/Blueprints/BP_Platform.uexp" 1022
"C:/Users/BCCMine/Documents/GitHub/LittleWitchGame/LittleWitchProject/Content/Blueprints/BP_Platform_Moving.uasset" 1023
"C:/Users/BCCMine/Documents/GitHub/LittleWitchGame/LittleWitchProject/Content/Blueprints/BP_Platform_Moving.uexp" 1024
"C:/Users/BCCMine/Documents/GitHub/LittleWitchGame/LittleWitchProject/Content/Materials/M_FadingPlatform.uasset" 1025
"C:/Users/BCCMine/Documents/GitHub/LittleWitchGame/LittleWitchProject/Content/Materials/M_FadingPlatform.uexp" 1026
"C:/Users/BCCMine/Documents/GitHub/LittleWitchGame/LittleWitchProject/Content/Blueprints/BP_Platform_Fading.uasset" 1027
"C:/Users/BCCMine/Documents/GitHub/LittleWitchGame/LittleWitchProject/Content/Blueprints/BP_Platform_Fading.uexp" 1028
"C:/Users/BCCMine/Documents/GitHub/LittleWitchGame/LittleWitchProject/Content/Geometry/Meshes/1M_Cube.uasset" 1029
"C:/Users/BCCMine/Documents/GitHub/LittleWitchGame/LittleWitchProject/Content/Geometry/Meshes/1M_Cube.uexp" 1030
"C:/Users/BCCMine/Documents/GitHub/LittleWitchGame/LittleWitchProject/Content/Blueprints/BP_DoubleJump.uasset" 1031
"C:/Users/BCCMine/Documents/GitHub/LittleWitchGame/LittleWitchProject/Content/Blueprints/BP_DoubleJump.uexp" 1032
"C:/Users/BCCMine/Documents/GitHub/LittleWitchGame/LittleWitchProject/Content/FireMaterial.uasset" 1033
"C:/Users/BCCMine/Documents/GitHub/LittleWitchGame/LittleWitchProject/Content/FireMaterial.uexp" 1034
"C:/Users/BCCMine/Documents/GitHub/LittleWitchGame/LittleWitchProject/Content/EarthMaterial.uasset" 1035
"C:/Users/BCCMine/Documents/GitHub/LittleWitchGame/LittleWitchProject/Content/EarthMaterial.uexp" 1036
"C:/Users/BCCMine/Documents/GitHub/LittleWitchGame/LittleWitchProject/Content/BackgroundMaterial.uasset" 1037
"C:/Users/BCCMine/Documents/GitHub/LittleWitchGame/LittleWitchProject/Content/BackgroundMaterial.uexp" 1038
"../../../Engine/Content/EngineSky/T_Sky_Stars.uasset" 1039
"../../../Engine/Content/EngineSky/T_Sky_Stars.uexp" 1040
"../../../Engine/Content/EngineSky/T_Sky_Stars.ubulk" 1041
"../../../Engine/Content/EngineSky/T_Sky_Clouds_M.uasset" 1042
"../../../Engine/Content/EngineSky/T_Sky_Clouds_M.uexp" 1043
"../../../Engine/Content/EngineSky/T_Sky_Clouds_M.ubulk" 1044
"../../../Engine/Content/EngineSky/T_Sky_Blue.uasset" 1045
"../../../Engine/Content/EngineSky/T_Sky_Blue.uexp" 1046
"../../../Engine/Content/EngineSky/T_Sky_Blue.ubulk" 1047
"../../../Engine/Content/EngineSky/M_Sky_Panning_Clouds2.uasset" 1048
"../../../Engine/Content/EngineSky/M_Sky_Panning_Clouds2.uexp" 1049
"../../../Engine/Content/EngineSky/SM_SkySphere.uasset" 1050
"../../../Engine/Content/EngineSky/SM_SkySphere.uexp" 1051
"../../../Engine/Content/EngineSky/C_Sky_Zenith_Color.uasset" 1052
"../../../Engine/Content/EngineSky/C_Sky_Zenith_Color.uexp" 1053
"../../../Engine/Content/EngineSky/C_Sky_Horizon_Color.uasset" 1054
"../../../Engine/Content/EngineSky/C_Sky_Horizon_Color.uexp" 1055
"../../../Engine/Content/EngineSky/C_Sky_Cloud_Color.uasset" 1056
"../../../Engine/Content/EngineSky/C_Sky_Cloud_Color.uexp" 1057
"../../../Engine/Content/EngineSky/BP_Sky_Sphere.uasset" 1058
"../../../Engine/Content/EngineSky/BP_Sky_Sphere.uexp" 1059
"../../../Engine/Content/EngineMaterials/AntiAliasedTextMaterialTranslucent.uasset" 1060
"../../../Engine/Content/EngineMaterials/AntiAliasedTextMaterialTranslucent.uexp" 1061
"../../../Engine/Content/BasicShapes/Sphere.uasset" 1062
"../../../Engine/Content/BasicShapes/Sphere.uexp" 1063
"../../../Engine/Content/BasicShapes/Plane.uasset" 1064
"../../../Engine/Content/BasicShapes/Plane.uexp" 1065
"../../../Engine/Content/BasicShapes/Cone.uasset" 1066
"../../../Engine/Content/BasicShapes/Cone.uexp" 1067
"C:/Users/BCCMine/Documents/GitHub/LittleWitchGame/LittleWitchProject/Content/SideScrollerBP/Maps/SideScrollerExampleMap_BuiltData.uasset" 1068
"C:/Users/BCCMine/Documents/GitHub/LittleWitchGame/LittleWitchProject/Content/SideScrollerBP/Maps/SideScrollerExampleMap_BuiltData.uexp" 1069
"C:/Users/BCCMine/Documents/GitHub/LittleWitchGame/LittleWitchProject/Content/SideScrollerBP/Maps/SideScrollerExampleMap_BuiltData.ubulk" 1070
"C:/Users/BCCMine/Documents/GitHub/LittleWitchGame/LittleWitchProject/Content/Materials/book_textures/book_Material_Emissive.uasset" 1071
"C:/Users/BCCMine/Documents/GitHub/LittleWitchGame/LittleWitchProject/Content/Materials/book_textures/book_Material_Emissive.uexp" 1072
"C:/Users/BCCMine/Documents/GitHub/LittleWitchGame/LittleWitchProject/Content/Materials/book_textures/book_Material_Emissive.ubulk" 1073
"C:/Users/BCCMine/Documents/GitHub/LittleWitchGame/LittleWitchProject/Content/Materials/book_textures/book_Material_Normal.uasset" 1074
"C:/Users/BCCMine/Documents/GitHub/LittleWitchGame/LittleWitchProject/Content/Materials/book_textures/book_Material_Normal.uexp" 1075
"C:/Users/BCCMine/Documents/GitHub/LittleWitchGame/LittleWitchProject/Content/Materials/book_textures/book_Material_Normal.ubulk" 1076
"C:/Users/BCCMine/Documents/GitHub/LittleWitchGame/LittleWitchProject/Content/Materials/book_textures/book_Material_BaseColor.uasset" 1077
"C:/Users/BCCMine/Documents/GitHub/LittleWitchGame/LittleWitchProject/Content/Materials/book_textures/book_Material_BaseColor.uexp" 1078
"C:/Users/BCCMine/Documents/GitHub/LittleWitchGame/LittleWitchProject/Content/Materials/book_textures/book_Material_BaseColor.ubulk" 1079
"C:/Users/BCCMine/Documents/GitHub/LittleWitchGame/LittleWitchProject/Content/Materials/book_textures/book_Material_OcclusionRoughnessMetallic.uasset" 1080
"C:/Users/BCCMine/Documents/GitHub/LittleWitchGame/LittleWitchProject/Content/Materials/book_textures/book_Material_OcclusionRoughnessMetallic.uexp" 1081
"C:/Users/BCCMine/Documents/GitHub/LittleWitchGame/LittleWitchProject/Content/Materials/book_textures/book_Material_OcclusionRoughnessMetallic.ubulk" 1082
"C:/Users/BCCMine/Documents/GitHub/LittleWitchGame/LittleWitchProject/Content/Materials/book_textures/book.uasset" 1083
"C:/Users/BCCMine/Documents/GitHub/LittleWitchGame/LittleWitchProject/Content/Materials/book_textures/book.uexp" 1084
"C:/Users/BCCMine/Documents/GitHub/LittleWitchGame/LittleWitchProject/Content/SideScrollerBP/Maps/SideScrollerExampleMap.uexp" 1085
"C:/Users/BCCMine/Documents/GitHub/LittleWitchGame/LittleWitchProject/Content/SideScrollerBP/Maps/SideScrollerExampleMap.umap" 1086
